<?xml version="1.0" encoding="utf-8"?>
<TestRun id="e6ddeda1-dae0-4c34-b1a9-eb261049677c" name="@0c72c8a9adff 2025-09-18 19:58:04" xmlns="http://microsoft.com/schemas/VisualStudio/TeamTest/2010">
  <Times creation="2025-09-18T19:58:04.3372801+00:00" queuing="2025-09-18T19:58:04.3372802+00:00" start="2025-09-18T19:58:02.4041222+00:00" finish="2025-09-18T19:58:27.5311845+00:00" />
  <TestSettings name="default" id="981b8c77-5737-446a-b0b6-bc817335e070">
    <Deployment runDeploymentRoot="_0c72c8a9adff_2025-09-18_19_58_04" />
  </TestSettings>
  <Results>
    <UnitTestResult executionId="4ebab334-1b43-4625-945d-6dd5fe5cc908" testId="a032fa6e-9e49-d41c-5d18-8e4d33039863" testName="ZipperAPI.Tests.DownloadControllerTests.DownloadZipAssertOkay" computerName="0c72c8a9adff" duration="00:00:00.4818636" startTime="2025-09-18T19:58:03.5170731+00:00" endTime="2025-09-18T19:58:03.5170734+00:00" testType="13cdc9d9-ddb5-4fa4-a97d-d965ccfc6d4b" outcome="Passed" testListId="8c84fa94-04c1-424b-9868-57a2d4851a1d" relativeResultsDirectory="4ebab334-1b43-4625-945d-6dd5fe5cc908" />
    <UnitTestResult executionId="cfae9d7d-fd57-4817-bd38-bc8663319f51" testId="1b4db1ac-c959-5931-9b60-38121dc83160" testName="ZipperAPI.Tests.ProcessControllerTests.GetProcessStatusAssertFailed" computerName="0c72c8a9adff" duration="00:00:00.0007858" startTime="2025-09-18T19:58:27.4853858+00:00" endTime="2025-09-18T19:58:27.4853860+00:00" testType="13cdc9d9-ddb5-4fa4-a97d-d965ccfc6d4b" outcome="Passed" testListId="8c84fa94-04c1-424b-9868-57a2d4851a1d" relativeResultsDirectory="cfae9d7d-fd57-4817-bd38-bc8663319f51" />
    <UnitTestResult executionId="ac9c410a-16cc-4feb-b408-ded4d962431c" testId="66434433-2443-43c1-f36f-e0038a5a1cd8" testName="ZipperAPI.Tests.InfoControllerTests.GetFileNamesShouldResultAll" computerName="0c72c8a9adff" duration="00:00:00.0128725" startTime="2025-09-18T19:58:03.5332680+00:00" endTime="2025-09-18T19:58:03.5332682+00:00" testType="13cdc9d9-ddb5-4fa4-a97d-d965ccfc6d4b" outcome="Passed" testListId="8c84fa94-04c1-424b-9868-57a2d4851a1d" relativeResultsDirectory="ac9c410a-16cc-4feb-b408-ded4d962431c" />
    <UnitTestResult executionId="a0aefc1a-f189-45ee-90d9-81a4b49c460e" testId="bd60c160-4d40-3e7c-0545-4bbf282c9003" testName="ZipperAPI.Tests.ProcessControllerTests.LongJobResponsiveness" computerName="0c72c8a9adff" duration="00:00:23.5719006" startTime="2025-09-18T19:58:27.4844453+00:00" endTime="2025-09-18T19:58:27.4844455+00:00" testType="13cdc9d9-ddb5-4fa4-a97d-d965ccfc6d4b" outcome="Passed" testListId="8c84fa94-04c1-424b-9868-57a2d4851a1d" relativeResultsDirectory="a0aefc1a-f189-45ee-90d9-81a4b49c460e" />
    <UnitTestResult executionId="960bf169-ef2b-4cd3-9f3b-7d60d5c7c6a5" testId="5c5f4518-c995-49a2-e6a3-d404a27caefd" testName="ZipperAPI.Tests.ProcessControllerTests.GetProcessStatusShouldReturnNotFail" computerName="0c72c8a9adff" duration="00:00:00.3756164" startTime="2025-09-18T19:58:03.9103661+00:00" endTime="2025-09-18T19:58:03.9103663+00:00" testType="13cdc9d9-ddb5-4fa4-a97d-d965ccfc6d4b" outcome="Passed" testListId="8c84fa94-04c1-424b-9868-57a2d4851a1d" relativeResultsDirectory="960bf169-ef2b-4cd3-9f3b-7d60d5c7c6a5" />
    <UnitTestResult executionId="fced7709-a90e-4531-a2bb-3ccdaa2a2477" testId="ecf215da-cb33-820a-8efc-45bbe75baab1" testName="ZipperAPI.Tests.ProcessControllerTests.DownloadFailedZipAssertNotFound" computerName="0c72c8a9adff" duration="00:00:00.0028049" startTime="2025-09-18T19:58:03.9132506+00:00" endTime="2025-09-18T19:58:03.9132507+00:00" testType="13cdc9d9-ddb5-4fa4-a97d-d965ccfc6d4b" outcome="Passed" testListId="8c84fa94-04c1-424b-9868-57a2d4851a1d" relativeResultsDirectory="fced7709-a90e-4531-a2bb-3ccdaa2a2477" />
    <UnitTestResult executionId="fac11ed3-015a-42fd-ac6b-3aa38f460b61" testId="36fe01fb-76c5-9704-b728-4185bc100a4b" testName="ZipperAPI.Tests.DownloadControllerTests.DownloadInexistentAssertNotFound" computerName="0c72c8a9adff" duration="00:00:00.0098998" startTime="2025-09-18T19:58:03.0351923+00:00" endTime="2025-09-18T19:58:03.0352254+00:00" testType="13cdc9d9-ddb5-4fa4-a97d-d965ccfc6d4b" outcome="Passed" testListId="8c84fa94-04c1-424b-9868-57a2d4851a1d" relativeResultsDirectory="fac11ed3-015a-42fd-ac6b-3aa38f460b61" />
  </Results>
  <TestDefinitions>
    <UnitTest name="ZipperAPI.Tests.DownloadControllerTests.DownloadInexistentAssertNotFound" storage="/app/zipperapi.tests/bin/debug/net8.0/zipperapi.tests.dll" id="36fe01fb-76c5-9704-b728-4185bc100a4b">
      <Execution id="fac11ed3-015a-42fd-ac6b-3aa38f460b61" />
      <TestMethod codeBase="/app/ZipperAPI.Tests/bin/Debug/net8.0/ZipperAPI.Tests.dll" adapterTypeName="executor://xunit/VsTestRunner2/netcoreapp" className="ZipperAPI.Tests.DownloadControllerTests" name="DownloadInexistentAssertNotFound" />
    </UnitTest>
    <UnitTest name="ZipperAPI.Tests.ProcessControllerTests.LongJobResponsiveness" storage="/app/zipperapi.tests/bin/debug/net8.0/zipperapi.tests.dll" id="bd60c160-4d40-3e7c-0545-4bbf282c9003">
      <Execution id="a0aefc1a-f189-45ee-90d9-81a4b49c460e" />
      <TestMethod codeBase="/app/ZipperAPI.Tests/bin/Debug/net8.0/ZipperAPI.Tests.dll" adapterTypeName="executor://xunit/VsTestRunner2/netcoreapp" className="ZipperAPI.Tests.ProcessControllerTests" name="LongJobResponsiveness" />
    </UnitTest>
    <UnitTest name="ZipperAPI.Tests.ProcessControllerTests.DownloadFailedZipAssertNotFound" storage="/app/zipperapi.tests/bin/debug/net8.0/zipperapi.tests.dll" id="ecf215da-cb33-820a-8efc-45bbe75baab1">
      <Execution id="fced7709-a90e-4531-a2bb-3ccdaa2a2477" />
      <TestMethod codeBase="/app/ZipperAPI.Tests/bin/Debug/net8.0/ZipperAPI.Tests.dll" adapterTypeName="executor://xunit/VsTestRunner2/netcoreapp" className="ZipperAPI.Tests.ProcessControllerTests" name="DownloadFailedZipAssertNotFound" />
    </UnitTest>
    <UnitTest name="ZipperAPI.Tests.ProcessControllerTests.GetProcessStatusShouldReturnNotFail" storage="/app/zipperapi.tests/bin/debug/net8.0/zipperapi.tests.dll" id="5c5f4518-c995-49a2-e6a3-d404a27caefd">
      <Execution id="960bf169-ef2b-4cd3-9f3b-7d60d5c7c6a5" />
      <TestMethod codeBase="/app/ZipperAPI.Tests/bin/Debug/net8.0/ZipperAPI.Tests.dll" adapterTypeName="executor://xunit/VsTestRunner2/netcoreapp" className="ZipperAPI.Tests.ProcessControllerTests" name="GetProcessStatusShouldReturnNotFail" />
    </UnitTest>
    <UnitTest name="ZipperAPI.Tests.DownloadControllerTests.DownloadZipAssertOkay" storage="/app/zipperapi.tests/bin/debug/net8.0/zipperapi.tests.dll" id="a032fa6e-9e49-d41c-5d18-8e4d33039863">
      <Execution id="4ebab334-1b43-4625-945d-6dd5fe5cc908" />
      <TestMethod codeBase="/app/ZipperAPI.Tests/bin/Debug/net8.0/ZipperAPI.Tests.dll" adapterTypeName="executor://xunit/VsTestRunner2/netcoreapp" className="ZipperAPI.Tests.DownloadControllerTests" name="DownloadZipAssertOkay" />
    </UnitTest>
    <UnitTest name="ZipperAPI.Tests.InfoControllerTests.GetFileNamesShouldResultAll" storage="/app/zipperapi.tests/bin/debug/net8.0/zipperapi.tests.dll" id="66434433-2443-43c1-f36f-e0038a5a1cd8">
      <Execution id="ac9c410a-16cc-4feb-b408-ded4d962431c" />
      <TestMethod codeBase="/app/ZipperAPI.Tests/bin/Debug/net8.0/ZipperAPI.Tests.dll" adapterTypeName="executor://xunit/VsTestRunner2/netcoreapp" className="ZipperAPI.Tests.InfoControllerTests" name="GetFileNamesShouldResultAll" />
    </UnitTest>
    <UnitTest name="ZipperAPI.Tests.ProcessControllerTests.GetProcessStatusAssertFailed" storage="/app/zipperapi.tests/bin/debug/net8.0/zipperapi.tests.dll" id="1b4db1ac-c959-5931-9b60-38121dc83160">
      <Execution id="cfae9d7d-fd57-4817-bd38-bc8663319f51" />
      <TestMethod codeBase="/app/ZipperAPI.Tests/bin/Debug/net8.0/ZipperAPI.Tests.dll" adapterTypeName="executor://xunit/VsTestRunner2/netcoreapp" className="ZipperAPI.Tests.ProcessControllerTests" name="GetProcessStatusAssertFailed" />
    </UnitTest>
  </TestDefinitions>
  <TestEntries>
    <TestEntry testId="a032fa6e-9e49-d41c-5d18-8e4d33039863" executionId="4ebab334-1b43-4625-945d-6dd5fe5cc908" testListId="8c84fa94-04c1-424b-9868-57a2d4851a1d" />
    <TestEntry testId="1b4db1ac-c959-5931-9b60-38121dc83160" executionId="cfae9d7d-fd57-4817-bd38-bc8663319f51" testListId="8c84fa94-04c1-424b-9868-57a2d4851a1d" />
    <TestEntry testId="66434433-2443-43c1-f36f-e0038a5a1cd8" executionId="ac9c410a-16cc-4feb-b408-ded4d962431c" testListId="8c84fa94-04c1-424b-9868-57a2d4851a1d" />
    <TestEntry testId="bd60c160-4d40-3e7c-0545-4bbf282c9003" executionId="a0aefc1a-f189-45ee-90d9-81a4b49c460e" testListId="8c84fa94-04c1-424b-9868-57a2d4851a1d" />
    <TestEntry testId="5c5f4518-c995-49a2-e6a3-d404a27caefd" executionId="960bf169-ef2b-4cd3-9f3b-7d60d5c7c6a5" testListId="8c84fa94-04c1-424b-9868-57a2d4851a1d" />
    <TestEntry testId="ecf215da-cb33-820a-8efc-45bbe75baab1" executionId="fced7709-a90e-4531-a2bb-3ccdaa2a2477" testListId="8c84fa94-04c1-424b-9868-57a2d4851a1d" />
    <TestEntry testId="36fe01fb-76c5-9704-b728-4185bc100a4b" executionId="fac11ed3-015a-42fd-ac6b-3aa38f460b61" testListId="8c84fa94-04c1-424b-9868-57a2d4851a1d" />
  </TestEntries>
  <TestLists>
    <TestList name="Results Not in a List" id="8c84fa94-04c1-424b-9868-57a2d4851a1d" />
    <TestList name="All Loaded Results" id="19431567-8539-422a-85d7-44ee4e166bda" />
  </TestLists>
  <ResultSummary outcome="Completed">
    <Counters total="7" executed="7" passed="7" failed="0" error="0" timeout="0" aborted="0" inconclusive="0" passedButRunAborted="0" notRunnable="0" notExecuted="0" disconnected="0" warning="0" completed="0" inProgress="0" pending="0" />
    <Output>
      <StdOut>[xUnit.net 00:00:00.00] xUnit.net VSTest Adapter v2.8.2+699d445a1a (64-bit .NET 8.0.20)
[xUnit.net 00:00:00.07]   Discovering: ZipperAPI.Tests
[xUnit.net 00:00:00.10]   Discovered:  ZipperAPI.Tests
[xUnit.net 00:00:00.10]   Starting:    ZipperAPI.Tests
[xUnit.net 00:00:24.70]   Finished:    ZipperAPI.Tests
</StdOut>
    </Output>
  </ResultSummary>
</TestRun>