<?xml version="1.0" encoding="utf-8"?>
<TestRun id="0d6c2981-2ae8-4b6f-97d1-9d31ddf6d4d3" name="@3944e0a36904 2025-09-18 19:21:34" xmlns="http://microsoft.com/schemas/VisualStudio/TeamTest/2010">
  <Times creation="2025-09-18T19:21:34.1449254+00:00" queuing="2025-09-18T19:21:34.1449254+00:00" start="2025-09-18T19:21:32.2098164+00:00" finish="2025-09-18T19:21:57.5605265+00:00" />
  <TestSettings name="default" id="6ad994c6-4ba9-4c45-8107-4c7a7eb1309f">
    <Deployment runDeploymentRoot="_3944e0a36904_2025-09-18_19_21_34" />
  </TestSettings>
  <Results>
    <UnitTestResult executionId="f64116e9-ae7d-4c83-ba6f-7b3874189f29" testId="ecf215da-cb33-820a-8efc-45bbe75baab1" testName="ZipperAPI.Tests.ProcessControllerTests.DownloadFailedZipAssertNotFound" computerName="3944e0a36904" duration="00:00:00.0026867" startTime="2025-09-18T19:21:33.7010980+00:00" endTime="2025-09-18T19:21:33.7010982+00:00" testType="13cdc9d9-ddb5-4fa4-a97d-d965ccfc6d4b" outcome="Passed" testListId="8c84fa94-04c1-424b-9868-57a2d4851a1d" relativeResultsDirectory="f64116e9-ae7d-4c83-ba6f-7b3874189f29" />
    <UnitTestResult executionId="5cacc64a-a159-4f11-832f-bfd25a104b0d" testId="bd60c160-4d40-3e7c-0545-4bbf282c9003" testName="ZipperAPI.Tests.ProcessControllerTests.LongJobResponsiveness" computerName="3944e0a36904" duration="00:00:23.8141945" startTime="2025-09-18T19:21:57.5148176+00:00" endTime="2025-09-18T19:21:57.5148178+00:00" testType="13cdc9d9-ddb5-4fa4-a97d-d965ccfc6d4b" outcome="Passed" testListId="8c84fa94-04c1-424b-9868-57a2d4851a1d" relativeResultsDirectory="5cacc64a-a159-4f11-832f-bfd25a104b0d" />
    <UnitTestResult executionId="18f2ded7-4201-4062-a4f2-ba4052806274" testId="a032fa6e-9e49-d41c-5d18-8e4d33039863" testName="ZipperAPI.Tests.DownloadControllerTests.DownloadZipAssertOkay" computerName="3944e0a36904" duration="00:00:00.5016215" startTime="2025-09-18T19:21:33.3079388+00:00" endTime="2025-09-18T19:21:33.3079391+00:00" testType="13cdc9d9-ddb5-4fa4-a97d-d965ccfc6d4b" outcome="Passed" testListId="8c84fa94-04c1-424b-9868-57a2d4851a1d" relativeResultsDirectory="18f2ded7-4201-4062-a4f2-ba4052806274" />
    <UnitTestResult executionId="84a14400-75fa-4a66-ae5c-905f2c9397eb" testId="66434433-2443-43c1-f36f-e0038a5a1cd8" testName="ZipperAPI.Tests.InfoControllerTests.GetFileNamesShouldResultAll" computerName="3944e0a36904" duration="00:00:00.0111917" startTime="2025-09-18T19:21:33.3215462+00:00" endTime="2025-09-18T19:21:33.3215464+00:00" testType="13cdc9d9-ddb5-4fa4-a97d-d965ccfc6d4b" outcome="Passed" testListId="8c84fa94-04c1-424b-9868-57a2d4851a1d" relativeResultsDirectory="84a14400-75fa-4a66-ae5c-905f2c9397eb" />
    <UnitTestResult executionId="a3c9c54f-e93e-4302-9310-a6d1404d7e66" testId="1b4db1ac-c959-5931-9b60-38121dc83160" testName="ZipperAPI.Tests.ProcessControllerTests.GetProcessStatusAssertFailed" computerName="3944e0a36904" duration="00:00:00.0008478" startTime="2025-09-18T19:21:57.5158499+00:00" endTime="2025-09-18T19:21:57.5158501+00:00" testType="13cdc9d9-ddb5-4fa4-a97d-d965ccfc6d4b" outcome="Passed" testListId="8c84fa94-04c1-424b-9868-57a2d4851a1d" relativeResultsDirectory="a3c9c54f-e93e-4302-9310-a6d1404d7e66" />
    <UnitTestResult executionId="566e3ae3-cd1b-408b-a449-9d2eaf7c0a2f" testId="36fe01fb-76c5-9704-b728-4185bc100a4b" testName="ZipperAPI.Tests.DownloadControllerTests.DownloadInexistentAssertNotFound" computerName="3944e0a36904" duration="00:00:00.0092959" startTime="2025-09-18T19:21:32.8065482+00:00" endTime="2025-09-18T19:21:32.8065811+00:00" testType="13cdc9d9-ddb5-4fa4-a97d-d965ccfc6d4b" outcome="Passed" testListId="8c84fa94-04c1-424b-9868-57a2d4851a1d" relativeResultsDirectory="566e3ae3-cd1b-408b-a449-9d2eaf7c0a2f" />
    <UnitTestResult executionId="7af3b9d9-34dd-463f-b04d-aeef032c04f1" testId="5c5f4518-c995-49a2-e6a3-d404a27caefd" testName="ZipperAPI.Tests.ProcessControllerTests.GetProcessStatusShouldReturnNotFail" computerName="3944e0a36904" duration="00:00:00.3751509" startTime="2025-09-18T19:21:33.6983139+00:00" endTime="2025-09-18T19:21:33.6983140+00:00" testType="13cdc9d9-ddb5-4fa4-a97d-d965ccfc6d4b" outcome="Passed" testListId="8c84fa94-04c1-424b-9868-57a2d4851a1d" relativeResultsDirectory="7af3b9d9-34dd-463f-b04d-aeef032c04f1" />
  </Results>
  <TestDefinitions>
    <UnitTest name="ZipperAPI.Tests.DownloadControllerTests.DownloadInexistentAssertNotFound" storage="/app/zipperapi.tests/bin/debug/net8.0/zipperapi.tests.dll" id="36fe01fb-76c5-9704-b728-4185bc100a4b">
      <Execution id="566e3ae3-cd1b-408b-a449-9d2eaf7c0a2f" />
      <TestMethod codeBase="/app/ZipperAPI.Tests/bin/Debug/net8.0/ZipperAPI.Tests.dll" adapterTypeName="executor://xunit/VsTestRunner2/netcoreapp" className="ZipperAPI.Tests.DownloadControllerTests" name="DownloadInexistentAssertNotFound" />
    </UnitTest>
    <UnitTest name="ZipperAPI.Tests.ProcessControllerTests.LongJobResponsiveness" storage="/app/zipperapi.tests/bin/debug/net8.0/zipperapi.tests.dll" id="bd60c160-4d40-3e7c-0545-4bbf282c9003">
      <Execution id="5cacc64a-a159-4f11-832f-bfd25a104b0d" />
      <TestMethod codeBase="/app/ZipperAPI.Tests/bin/Debug/net8.0/ZipperAPI.Tests.dll" adapterTypeName="executor://xunit/VsTestRunner2/netcoreapp" className="ZipperAPI.Tests.ProcessControllerTests" name="LongJobResponsiveness" />
    </UnitTest>
    <UnitTest name="ZipperAPI.Tests.ProcessControllerTests.DownloadFailedZipAssertNotFound" storage="/app/zipperapi.tests/bin/debug/net8.0/zipperapi.tests.dll" id="ecf215da-cb33-820a-8efc-45bbe75baab1">
      <Execution id="f64116e9-ae7d-4c83-ba6f-7b3874189f29" />
      <TestMethod codeBase="/app/ZipperAPI.Tests/bin/Debug/net8.0/ZipperAPI.Tests.dll" adapterTypeName="executor://xunit/VsTestRunner2/netcoreapp" className="ZipperAPI.Tests.ProcessControllerTests" name="DownloadFailedZipAssertNotFound" />
    </UnitTest>
    <UnitTest name="ZipperAPI.Tests.ProcessControllerTests.GetProcessStatusShouldReturnNotFail" storage="/app/zipperapi.tests/bin/debug/net8.0/zipperapi.tests.dll" id="5c5f4518-c995-49a2-e6a3-d404a27caefd">
      <Execution id="7af3b9d9-34dd-463f-b04d-aeef032c04f1" />
      <TestMethod codeBase="/app/ZipperAPI.Tests/bin/Debug/net8.0/ZipperAPI.Tests.dll" adapterTypeName="executor://xunit/VsTestRunner2/netcoreapp" className="ZipperAPI.Tests.ProcessControllerTests" name="GetProcessStatusShouldReturnNotFail" />
    </UnitTest>
    <UnitTest name="ZipperAPI.Tests.DownloadControllerTests.DownloadZipAssertOkay" storage="/app/zipperapi.tests/bin/debug/net8.0/zipperapi.tests.dll" id="a032fa6e-9e49-d41c-5d18-8e4d33039863">
      <Execution id="18f2ded7-4201-4062-a4f2-ba4052806274" />
      <TestMethod codeBase="/app/ZipperAPI.Tests/bin/Debug/net8.0/ZipperAPI.Tests.dll" adapterTypeName="executor://xunit/VsTestRunner2/netcoreapp" className="ZipperAPI.Tests.DownloadControllerTests" name="DownloadZipAssertOkay" />
    </UnitTest>
    <UnitTest name="ZipperAPI.Tests.InfoControllerTests.GetFileNamesShouldResultAll" storage="/app/zipperapi.tests/bin/debug/net8.0/zipperapi.tests.dll" id="66434433-2443-43c1-f36f-e0038a5a1cd8">
      <Execution id="84a14400-75fa-4a66-ae5c-905f2c9397eb" />
      <TestMethod codeBase="/app/ZipperAPI.Tests/bin/Debug/net8.0/ZipperAPI.Tests.dll" adapterTypeName="executor://xunit/VsTestRunner2/netcoreapp" className="ZipperAPI.Tests.InfoControllerTests" name="GetFileNamesShouldResultAll" />
    </UnitTest>
    <UnitTest name="ZipperAPI.Tests.ProcessControllerTests.GetProcessStatusAssertFailed" storage="/app/zipperapi.tests/bin/debug/net8.0/zipperapi.tests.dll" id="1b4db1ac-c959-5931-9b60-38121dc83160">
      <Execution id="a3c9c54f-e93e-4302-9310-a6d1404d7e66" />
      <TestMethod codeBase="/app/ZipperAPI.Tests/bin/Debug/net8.0/ZipperAPI.Tests.dll" adapterTypeName="executor://xunit/VsTestRunner2/netcoreapp" className="ZipperAPI.Tests.ProcessControllerTests" name="GetProcessStatusAssertFailed" />
    </UnitTest>
  </TestDefinitions>
  <TestEntries>
    <TestEntry testId="ecf215da-cb33-820a-8efc-45bbe75baab1" executionId="f64116e9-ae7d-4c83-ba6f-7b3874189f29" testListId="8c84fa94-04c1-424b-9868-57a2d4851a1d" />
    <TestEntry testId="bd60c160-4d40-3e7c-0545-4bbf282c9003" executionId="5cacc64a-a159-4f11-832f-bfd25a104b0d" testListId="8c84fa94-04c1-424b-9868-57a2d4851a1d" />
    <TestEntry testId="a032fa6e-9e49-d41c-5d18-8e4d33039863" executionId="18f2ded7-4201-4062-a4f2-ba4052806274" testListId="8c84fa94-04c1-424b-9868-57a2d4851a1d" />
    <TestEntry testId="66434433-2443-43c1-f36f-e0038a5a1cd8" executionId="84a14400-75fa-4a66-ae5c-905f2c9397eb" testListId="8c84fa94-04c1-424b-9868-57a2d4851a1d" />
    <TestEntry testId="1b4db1ac-c959-5931-9b60-38121dc83160" executionId="a3c9c54f-e93e-4302-9310-a6d1404d7e66" testListId="8c84fa94-04c1-424b-9868-57a2d4851a1d" />
    <TestEntry testId="36fe01fb-76c5-9704-b728-4185bc100a4b" executionId="566e3ae3-cd1b-408b-a449-9d2eaf7c0a2f" testListId="8c84fa94-04c1-424b-9868-57a2d4851a1d" />
    <TestEntry testId="5c5f4518-c995-49a2-e6a3-d404a27caefd" executionId="7af3b9d9-34dd-463f-b04d-aeef032c04f1" testListId="8c84fa94-04c1-424b-9868-57a2d4851a1d" />
  </TestEntries>
  <TestLists>
    <TestList name="Results Not in a List" id="8c84fa94-04c1-424b-9868-57a2d4851a1d" />
    <TestList name="All Loaded Results" id="19431567-8539-422a-85d7-44ee4e166bda" />
  </TestLists>
  <ResultSummary outcome="Completed">
    <Counters total="7" executed="7" passed="7" failed="0" error="0" timeout="0" aborted="0" inconclusive="0" passedButRunAborted="0" notRunnable="0" notExecuted="0" disconnected="0" warning="0" completed="0" inProgress="0" pending="0" />
    <Output>
      <StdOut>[xUnit.net 00:00:00.00] xUnit.net VSTest Adapter v2.8.2+699d445a1a (64-bit .NET 8.0.20)
[xUnit.net 00:00:00.06]   Discovering: ZipperAPI.Tests
[xUnit.net 00:00:00.08]   Discovered:  ZipperAPI.Tests
[xUnit.net 00:00:00.09]   Starting:    ZipperAPI.Tests
[xUnit.net 00:00:24.92]   Finished:    ZipperAPI.Tests
</StdOut>
    </Output>
  </ResultSummary>
</TestRun>