<?xml version="1.0" encoding="utf-8"?>
<TestRun id="72a36732-1b37-4e48-a937-cb728ee6c3df" name="@4bc92b710857 2025-09-18 19:44:50" xmlns="http://microsoft.com/schemas/VisualStudio/TeamTest/2010">
  <Times creation="2025-09-18T19:44:50.5044954+00:00" queuing="2025-09-18T19:44:50.5044955+00:00" start="2025-09-18T19:44:48.6227990+00:00" finish="2025-09-18T19:45:13.7579394+00:00" />
  <TestSettings name="default" id="8e5e4925-217b-4682-91ba-008823fba194">
    <Deployment runDeploymentRoot="_4bc92b710857_2025-09-18_19_44_50" />
  </TestSettings>
  <Results>
    <UnitTestResult executionId="9c071844-124e-4e2c-9adf-69e768faee50" testId="36fe01fb-76c5-9704-b728-4185bc100a4b" testName="ZipperAPI.Tests.DownloadControllerTests.DownloadInexistentAssertNotFound" computerName="4bc92b710857" duration="00:00:00.0107158" startTime="2025-09-18T19:44:49.2113892+00:00" endTime="2025-09-18T19:44:49.2114268+00:00" testType="13cdc9d9-ddb5-4fa4-a97d-d965ccfc6d4b" outcome="Passed" testListId="8c84fa94-04c1-424b-9868-57a2d4851a1d" relativeResultsDirectory="9c071844-124e-4e2c-9adf-69e768faee50" />
    <UnitTestResult executionId="31162e9f-9e3e-4939-ab49-bdf1cde7eb53" testId="ecf215da-cb33-820a-8efc-45bbe75baab1" testName="ZipperAPI.Tests.ProcessControllerTests.DownloadFailedZipAssertNotFound" computerName="4bc92b710857" duration="00:00:00.0027583" startTime="2025-09-18T19:44:50.0561440+00:00" endTime="2025-09-18T19:44:50.0561442+00:00" testType="13cdc9d9-ddb5-4fa4-a97d-d965ccfc6d4b" outcome="Passed" testListId="8c84fa94-04c1-424b-9868-57a2d4851a1d" relativeResultsDirectory="31162e9f-9e3e-4939-ab49-bdf1cde7eb53" />
    <UnitTestResult executionId="4695d617-54cd-42f9-a93f-2250b00517c6" testId="a032fa6e-9e49-d41c-5d18-8e4d33039863" testName="ZipperAPI.Tests.DownloadControllerTests.DownloadZipAssertOkay" computerName="4bc92b710857" duration="00:00:00.4325307" startTime="2025-09-18T19:44:49.6437832+00:00" endTime="2025-09-18T19:44:49.6437834+00:00" testType="13cdc9d9-ddb5-4fa4-a97d-d965ccfc6d4b" outcome="Passed" testListId="8c84fa94-04c1-424b-9868-57a2d4851a1d" relativeResultsDirectory="4695d617-54cd-42f9-a93f-2250b00517c6" />
    <UnitTestResult executionId="983d157d-ce50-4744-93bf-0027b9d393ef" testId="1b4db1ac-c959-5931-9b60-38121dc83160" testName="ZipperAPI.Tests.ProcessControllerTests.GetProcessStatusAssertFailed" computerName="4bc92b710857" duration="00:00:00.0007607" startTime="2025-09-18T19:45:13.7133363+00:00" endTime="2025-09-18T19:45:13.7133365+00:00" testType="13cdc9d9-ddb5-4fa4-a97d-d965ccfc6d4b" outcome="Passed" testListId="8c84fa94-04c1-424b-9868-57a2d4851a1d" relativeResultsDirectory="983d157d-ce50-4744-93bf-0027b9d393ef" />
    <UnitTestResult executionId="46ffb2bc-5e9c-44cf-a0c8-03f9575b384c" testId="5c5f4518-c995-49a2-e6a3-d404a27caefd" testName="ZipperAPI.Tests.ProcessControllerTests.GetProcessStatusShouldReturnNotFail" computerName="4bc92b710857" duration="00:00:00.3950762" startTime="2025-09-18T19:44:50.0532529+00:00" endTime="2025-09-18T19:44:50.0532531+00:00" testType="13cdc9d9-ddb5-4fa4-a97d-d965ccfc6d4b" outcome="Passed" testListId="8c84fa94-04c1-424b-9868-57a2d4851a1d" relativeResultsDirectory="46ffb2bc-5e9c-44cf-a0c8-03f9575b384c" />
    <UnitTestResult executionId="aada37e5-c1dc-4476-98a1-9726160750b3" testId="66434433-2443-43c1-f36f-e0038a5a1cd8" testName="ZipperAPI.Tests.InfoControllerTests.GetFileNamesShouldResultAll" computerName="4bc92b710857" duration="00:00:00.0105233" startTime="2025-09-18T19:44:49.6566799+00:00" endTime="2025-09-18T19:44:49.6566801+00:00" testType="13cdc9d9-ddb5-4fa4-a97d-d965ccfc6d4b" outcome="Passed" testListId="8c84fa94-04c1-424b-9868-57a2d4851a1d" relativeResultsDirectory="aada37e5-c1dc-4476-98a1-9726160750b3" />
    <UnitTestResult executionId="82763306-aa84-4f5a-b797-af8ed1dc8a0f" testId="bd60c160-4d40-3e7c-0545-4bbf282c9003" testName="ZipperAPI.Tests.ProcessControllerTests.LongJobResponsiveness" computerName="4bc92b710857" duration="00:00:23.6558573" startTime="2025-09-18T19:45:13.7124692+00:00" endTime="2025-09-18T19:45:13.7124695+00:00" testType="13cdc9d9-ddb5-4fa4-a97d-d965ccfc6d4b" outcome="Passed" testListId="8c84fa94-04c1-424b-9868-57a2d4851a1d" relativeResultsDirectory="82763306-aa84-4f5a-b797-af8ed1dc8a0f" />
  </Results>
  <TestDefinitions>
    <UnitTest name="ZipperAPI.Tests.DownloadControllerTests.DownloadInexistentAssertNotFound" storage="/app/zipperapi.tests/bin/debug/net8.0/zipperapi.tests.dll" id="36fe01fb-76c5-9704-b728-4185bc100a4b">
      <Execution id="9c071844-124e-4e2c-9adf-69e768faee50" />
      <TestMethod codeBase="/app/ZipperAPI.Tests/bin/Debug/net8.0/ZipperAPI.Tests.dll" adapterTypeName="executor://xunit/VsTestRunner2/netcoreapp" className="ZipperAPI.Tests.DownloadControllerTests" name="DownloadInexistentAssertNotFound" />
    </UnitTest>
    <UnitTest name="ZipperAPI.Tests.ProcessControllerTests.LongJobResponsiveness" storage="/app/zipperapi.tests/bin/debug/net8.0/zipperapi.tests.dll" id="bd60c160-4d40-3e7c-0545-4bbf282c9003">
      <Execution id="82763306-aa84-4f5a-b797-af8ed1dc8a0f" />
      <TestMethod codeBase="/app/ZipperAPI.Tests/bin/Debug/net8.0/ZipperAPI.Tests.dll" adapterTypeName="executor://xunit/VsTestRunner2/netcoreapp" className="ZipperAPI.Tests.ProcessControllerTests" name="LongJobResponsiveness" />
    </UnitTest>
    <UnitTest name="ZipperAPI.Tests.ProcessControllerTests.DownloadFailedZipAssertNotFound" storage="/app/zipperapi.tests/bin/debug/net8.0/zipperapi.tests.dll" id="ecf215da-cb33-820a-8efc-45bbe75baab1">
      <Execution id="31162e9f-9e3e-4939-ab49-bdf1cde7eb53" />
      <TestMethod codeBase="/app/ZipperAPI.Tests/bin/Debug/net8.0/ZipperAPI.Tests.dll" adapterTypeName="executor://xunit/VsTestRunner2/netcoreapp" className="ZipperAPI.Tests.ProcessControllerTests" name="DownloadFailedZipAssertNotFound" />
    </UnitTest>
    <UnitTest name="ZipperAPI.Tests.ProcessControllerTests.GetProcessStatusShouldReturnNotFail" storage="/app/zipperapi.tests/bin/debug/net8.0/zipperapi.tests.dll" id="5c5f4518-c995-49a2-e6a3-d404a27caefd">
      <Execution id="46ffb2bc-5e9c-44cf-a0c8-03f9575b384c" />
      <TestMethod codeBase="/app/ZipperAPI.Tests/bin/Debug/net8.0/ZipperAPI.Tests.dll" adapterTypeName="executor://xunit/VsTestRunner2/netcoreapp" className="ZipperAPI.Tests.ProcessControllerTests" name="GetProcessStatusShouldReturnNotFail" />
    </UnitTest>
    <UnitTest name="ZipperAPI.Tests.DownloadControllerTests.DownloadZipAssertOkay" storage="/app/zipperapi.tests/bin/debug/net8.0/zipperapi.tests.dll" id="a032fa6e-9e49-d41c-5d18-8e4d33039863">
      <Execution id="4695d617-54cd-42f9-a93f-2250b00517c6" />
      <TestMethod codeBase="/app/ZipperAPI.Tests/bin/Debug/net8.0/ZipperAPI.Tests.dll" adapterTypeName="executor://xunit/VsTestRunner2/netcoreapp" className="ZipperAPI.Tests.DownloadControllerTests" name="DownloadZipAssertOkay" />
    </UnitTest>
    <UnitTest name="ZipperAPI.Tests.InfoControllerTests.GetFileNamesShouldResultAll" storage="/app/zipperapi.tests/bin/debug/net8.0/zipperapi.tests.dll" id="66434433-2443-43c1-f36f-e0038a5a1cd8">
      <Execution id="aada37e5-c1dc-4476-98a1-9726160750b3" />
      <TestMethod codeBase="/app/ZipperAPI.Tests/bin/Debug/net8.0/ZipperAPI.Tests.dll" adapterTypeName="executor://xunit/VsTestRunner2/netcoreapp" className="ZipperAPI.Tests.InfoControllerTests" name="GetFileNamesShouldResultAll" />
    </UnitTest>
    <UnitTest name="ZipperAPI.Tests.ProcessControllerTests.GetProcessStatusAssertFailed" storage="/app/zipperapi.tests/bin/debug/net8.0/zipperapi.tests.dll" id="1b4db1ac-c959-5931-9b60-38121dc83160">
      <Execution id="983d157d-ce50-4744-93bf-0027b9d393ef" />
      <TestMethod codeBase="/app/ZipperAPI.Tests/bin/Debug/net8.0/ZipperAPI.Tests.dll" adapterTypeName="executor://xunit/VsTestRunner2/netcoreapp" className="ZipperAPI.Tests.ProcessControllerTests" name="GetProcessStatusAssertFailed" />
    </UnitTest>
  </TestDefinitions>
  <TestEntries>
    <TestEntry testId="36fe01fb-76c5-9704-b728-4185bc100a4b" executionId="9c071844-124e-4e2c-9adf-69e768faee50" testListId="8c84fa94-04c1-424b-9868-57a2d4851a1d" />
    <TestEntry testId="ecf215da-cb33-820a-8efc-45bbe75baab1" executionId="31162e9f-9e3e-4939-ab49-bdf1cde7eb53" testListId="8c84fa94-04c1-424b-9868-57a2d4851a1d" />
    <TestEntry testId="a032fa6e-9e49-d41c-5d18-8e4d33039863" executionId="4695d617-54cd-42f9-a93f-2250b00517c6" testListId="8c84fa94-04c1-424b-9868-57a2d4851a1d" />
    <TestEntry testId="1b4db1ac-c959-5931-9b60-38121dc83160" executionId="983d157d-ce50-4744-93bf-0027b9d393ef" testListId="8c84fa94-04c1-424b-9868-57a2d4851a1d" />
    <TestEntry testId="5c5f4518-c995-49a2-e6a3-d404a27caefd" executionId="46ffb2bc-5e9c-44cf-a0c8-03f9575b384c" testListId="8c84fa94-04c1-424b-9868-57a2d4851a1d" />
    <TestEntry testId="66434433-2443-43c1-f36f-e0038a5a1cd8" executionId="aada37e5-c1dc-4476-98a1-9726160750b3" testListId="8c84fa94-04c1-424b-9868-57a2d4851a1d" />
    <TestEntry testId="bd60c160-4d40-3e7c-0545-4bbf282c9003" executionId="82763306-aa84-4f5a-b797-af8ed1dc8a0f" testListId="8c84fa94-04c1-424b-9868-57a2d4851a1d" />
  </TestEntries>
  <TestLists>
    <TestList name="Results Not in a List" id="8c84fa94-04c1-424b-9868-57a2d4851a1d" />
    <TestList name="All Loaded Results" id="19431567-8539-422a-85d7-44ee4e166bda" />
  </TestLists>
  <ResultSummary outcome="Completed">
    <Counters total="7" executed="7" passed="7" failed="0" error="0" timeout="0" aborted="0" inconclusive="0" passedButRunAborted="0" notRunnable="0" notExecuted="0" disconnected="0" warning="0" completed="0" inProgress="0" pending="0" />
    <Output>
      <StdOut>[xUnit.net 00:00:00.00] xUnit.net VSTest Adapter v2.8.2+699d445a1a (64-bit .NET 8.0.20)
[xUnit.net 00:00:00.06]   Discovering: ZipperAPI.Tests
[xUnit.net 00:00:00.09]   Discovered:  ZipperAPI.Tests
[xUnit.net 00:00:00.09]   Starting:    ZipperAPI.Tests
[xUnit.net 00:00:24.72]   Finished:    ZipperAPI.Tests
</StdOut>
    </Output>
  </ResultSummary>
</TestRun>