<?xml version="1.0" encoding="utf-8"?>
<TestRun id="741318d7-648e-43bf-9288-d2cf3bd89b75" name="@6f47c4134f66 2025-09-18 19:20:58" xmlns="http://microsoft.com/schemas/VisualStudio/TeamTest/2010">
  <Times creation="2025-09-18T19:20:58.1976742+00:00" queuing="2025-09-18T19:20:58.1976742+00:00" start="2025-09-18T19:20:56.3223144+00:00" finish="2025-09-18T19:21:21.3493166+00:00" />
  <TestSettings name="default" id="a5152602-004d-46bd-93e6-d69a0cfb4aec">
    <Deployment runDeploymentRoot="_6f47c4134f66_2025-09-18_19_20_58" />
  </TestSettings>
  <Results>
    <UnitTestResult executionId="def31bd9-0bb5-454e-a913-8cfc5d6a64ca" testId="36fe01fb-76c5-9704-b728-4185bc100a4b" testName="ZipperAPI.Tests.DownloadControllerTests.DownloadInexistentAssertNotFound" computerName="6f47c4134f66" duration="00:00:00.0097803" startTime="2025-09-18T19:20:56.8990658+00:00" endTime="2025-09-18T19:20:56.8990926+00:00" testType="13cdc9d9-ddb5-4fa4-a97d-d965ccfc6d4b" outcome="Passed" testListId="8c84fa94-04c1-424b-9868-57a2d4851a1d" relativeResultsDirectory="def31bd9-0bb5-454e-a913-8cfc5d6a64ca" />
    <UnitTestResult executionId="aa6fa5bd-9b38-47bd-8210-6b5c56251958" testId="1b4db1ac-c959-5931-9b60-38121dc83160" testName="ZipperAPI.Tests.ProcessControllerTests.GetProcessStatusAssertFailed" computerName="6f47c4134f66" duration="00:00:00.0007960" startTime="2025-09-18T19:21:21.3028224+00:00" endTime="2025-09-18T19:21:21.3028225+00:00" testType="13cdc9d9-ddb5-4fa4-a97d-d965ccfc6d4b" outcome="Passed" testListId="8c84fa94-04c1-424b-9868-57a2d4851a1d" relativeResultsDirectory="aa6fa5bd-9b38-47bd-8210-6b5c56251958" />
    <UnitTestResult executionId="39e77de0-c26c-4ee2-aea7-0690be8d3417" testId="ecf215da-cb33-820a-8efc-45bbe75baab1" testName="ZipperAPI.Tests.ProcessControllerTests.DownloadFailedZipAssertNotFound" computerName="6f47c4134f66" duration="00:00:00.0026403" startTime="2025-09-18T19:20:57.7242430+00:00" endTime="2025-09-18T19:20:57.7242431+00:00" testType="13cdc9d9-ddb5-4fa4-a97d-d965ccfc6d4b" outcome="Passed" testListId="8c84fa94-04c1-424b-9868-57a2d4851a1d" relativeResultsDirectory="39e77de0-c26c-4ee2-aea7-0690be8d3417" />
    <UnitTestResult executionId="cedf33ab-0653-41e2-a896-c88b007e7a40" testId="bd60c160-4d40-3e7c-0545-4bbf282c9003" testName="ZipperAPI.Tests.ProcessControllerTests.LongJobResponsiveness" computerName="6f47c4134f66" duration="00:00:23.5779782" startTime="2025-09-18T19:21:21.3017964+00:00" endTime="2025-09-18T19:21:21.3017970+00:00" testType="13cdc9d9-ddb5-4fa4-a97d-d965ccfc6d4b" outcome="Passed" testListId="8c84fa94-04c1-424b-9868-57a2d4851a1d" relativeResultsDirectory="cedf33ab-0653-41e2-a896-c88b007e7a40" />
    <UnitTestResult executionId="f5800169-2995-4aab-a5ce-02d1cad317ae" testId="5c5f4518-c995-49a2-e6a3-d404a27caefd" testName="ZipperAPI.Tests.ProcessControllerTests.GetProcessStatusShouldReturnNotFail" computerName="6f47c4134f66" duration="00:00:00.3915793" startTime="2025-09-18T19:20:57.7215233+00:00" endTime="2025-09-18T19:20:57.7215234+00:00" testType="13cdc9d9-ddb5-4fa4-a97d-d965ccfc6d4b" outcome="Passed" testListId="8c84fa94-04c1-424b-9868-57a2d4851a1d" relativeResultsDirectory="f5800169-2995-4aab-a5ce-02d1cad317ae" />
    <UnitTestResult executionId="61b4638c-27eb-47f8-8718-6781dd015dfb" testId="66434433-2443-43c1-f36f-e0038a5a1cd8" testName="ZipperAPI.Tests.InfoControllerTests.GetFileNamesShouldResultAll" computerName="6f47c4134f66" duration="00:00:00.0109192" startTime="2025-09-18T19:20:57.3286868+00:00" endTime="2025-09-18T19:20:57.3286869+00:00" testType="13cdc9d9-ddb5-4fa4-a97d-d965ccfc6d4b" outcome="Passed" testListId="8c84fa94-04c1-424b-9868-57a2d4851a1d" relativeResultsDirectory="61b4638c-27eb-47f8-8718-6781dd015dfb" />
    <UnitTestResult executionId="4fc08822-8733-41eb-8c89-5b69fdd8e0ef" testId="a032fa6e-9e49-d41c-5d18-8e4d33039863" testName="ZipperAPI.Tests.DownloadControllerTests.DownloadZipAssertOkay" computerName="6f47c4134f66" duration="00:00:00.4161985" startTime="2025-09-18T19:20:57.3148466+00:00" endTime="2025-09-18T19:20:57.3148468+00:00" testType="13cdc9d9-ddb5-4fa4-a97d-d965ccfc6d4b" outcome="Passed" testListId="8c84fa94-04c1-424b-9868-57a2d4851a1d" relativeResultsDirectory="4fc08822-8733-41eb-8c89-5b69fdd8e0ef" />
  </Results>
  <TestDefinitions>
    <UnitTest name="ZipperAPI.Tests.DownloadControllerTests.DownloadInexistentAssertNotFound" storage="/app/zipperapi.tests/bin/debug/net8.0/zipperapi.tests.dll" id="36fe01fb-76c5-9704-b728-4185bc100a4b">
      <Execution id="def31bd9-0bb5-454e-a913-8cfc5d6a64ca" />
      <TestMethod codeBase="/app/ZipperAPI.Tests/bin/Debug/net8.0/ZipperAPI.Tests.dll" adapterTypeName="executor://xunit/VsTestRunner2/netcoreapp" className="ZipperAPI.Tests.DownloadControllerTests" name="DownloadInexistentAssertNotFound" />
    </UnitTest>
    <UnitTest name="ZipperAPI.Tests.ProcessControllerTests.LongJobResponsiveness" storage="/app/zipperapi.tests/bin/debug/net8.0/zipperapi.tests.dll" id="bd60c160-4d40-3e7c-0545-4bbf282c9003">
      <Execution id="cedf33ab-0653-41e2-a896-c88b007e7a40" />
      <TestMethod codeBase="/app/ZipperAPI.Tests/bin/Debug/net8.0/ZipperAPI.Tests.dll" adapterTypeName="executor://xunit/VsTestRunner2/netcoreapp" className="ZipperAPI.Tests.ProcessControllerTests" name="LongJobResponsiveness" />
    </UnitTest>
    <UnitTest name="ZipperAPI.Tests.ProcessControllerTests.DownloadFailedZipAssertNotFound" storage="/app/zipperapi.tests/bin/debug/net8.0/zipperapi.tests.dll" id="ecf215da-cb33-820a-8efc-45bbe75baab1">
      <Execution id="39e77de0-c26c-4ee2-aea7-0690be8d3417" />
      <TestMethod codeBase="/app/ZipperAPI.Tests/bin/Debug/net8.0/ZipperAPI.Tests.dll" adapterTypeName="executor://xunit/VsTestRunner2/netcoreapp" className="ZipperAPI.Tests.ProcessControllerTests" name="DownloadFailedZipAssertNotFound" />
    </UnitTest>
    <UnitTest name="ZipperAPI.Tests.ProcessControllerTests.GetProcessStatusShouldReturnNotFail" storage="/app/zipperapi.tests/bin/debug/net8.0/zipperapi.tests.dll" id="5c5f4518-c995-49a2-e6a3-d404a27caefd">
      <Execution id="f5800169-2995-4aab-a5ce-02d1cad317ae" />
      <TestMethod codeBase="/app/ZipperAPI.Tests/bin/Debug/net8.0/ZipperAPI.Tests.dll" adapterTypeName="executor://xunit/VsTestRunner2/netcoreapp" className="ZipperAPI.Tests.ProcessControllerTests" name="GetProcessStatusShouldReturnNotFail" />
    </UnitTest>
    <UnitTest name="ZipperAPI.Tests.DownloadControllerTests.DownloadZipAssertOkay" storage="/app/zipperapi.tests/bin/debug/net8.0/zipperapi.tests.dll" id="a032fa6e-9e49-d41c-5d18-8e4d33039863">
      <Execution id="4fc08822-8733-41eb-8c89-5b69fdd8e0ef" />
      <TestMethod codeBase="/app/ZipperAPI.Tests/bin/Debug/net8.0/ZipperAPI.Tests.dll" adapterTypeName="executor://xunit/VsTestRunner2/netcoreapp" className="ZipperAPI.Tests.DownloadControllerTests" name="DownloadZipAssertOkay" />
    </UnitTest>
    <UnitTest name="ZipperAPI.Tests.InfoControllerTests.GetFileNamesShouldResultAll" storage="/app/zipperapi.tests/bin/debug/net8.0/zipperapi.tests.dll" id="66434433-2443-43c1-f36f-e0038a5a1cd8">
      <Execution id="61b4638c-27eb-47f8-8718-6781dd015dfb" />
      <TestMethod codeBase="/app/ZipperAPI.Tests/bin/Debug/net8.0/ZipperAPI.Tests.dll" adapterTypeName="executor://xunit/VsTestRunner2/netcoreapp" className="ZipperAPI.Tests.InfoControllerTests" name="GetFileNamesShouldResultAll" />
    </UnitTest>
    <UnitTest name="ZipperAPI.Tests.ProcessControllerTests.GetProcessStatusAssertFailed" storage="/app/zipperapi.tests/bin/debug/net8.0/zipperapi.tests.dll" id="1b4db1ac-c959-5931-9b60-38121dc83160">
      <Execution id="aa6fa5bd-9b38-47bd-8210-6b5c56251958" />
      <TestMethod codeBase="/app/ZipperAPI.Tests/bin/Debug/net8.0/ZipperAPI.Tests.dll" adapterTypeName="executor://xunit/VsTestRunner2/netcoreapp" className="ZipperAPI.Tests.ProcessControllerTests" name="GetProcessStatusAssertFailed" />
    </UnitTest>
  </TestDefinitions>
  <TestEntries>
    <TestEntry testId="36fe01fb-76c5-9704-b728-4185bc100a4b" executionId="def31bd9-0bb5-454e-a913-8cfc5d6a64ca" testListId="8c84fa94-04c1-424b-9868-57a2d4851a1d" />
    <TestEntry testId="1b4db1ac-c959-5931-9b60-38121dc83160" executionId="aa6fa5bd-9b38-47bd-8210-6b5c56251958" testListId="8c84fa94-04c1-424b-9868-57a2d4851a1d" />
    <TestEntry testId="ecf215da-cb33-820a-8efc-45bbe75baab1" executionId="39e77de0-c26c-4ee2-aea7-0690be8d3417" testListId="8c84fa94-04c1-424b-9868-57a2d4851a1d" />
    <TestEntry testId="bd60c160-4d40-3e7c-0545-4bbf282c9003" executionId="cedf33ab-0653-41e2-a896-c88b007e7a40" testListId="8c84fa94-04c1-424b-9868-57a2d4851a1d" />
    <TestEntry testId="5c5f4518-c995-49a2-e6a3-d404a27caefd" executionId="f5800169-2995-4aab-a5ce-02d1cad317ae" testListId="8c84fa94-04c1-424b-9868-57a2d4851a1d" />
    <TestEntry testId="66434433-2443-43c1-f36f-e0038a5a1cd8" executionId="61b4638c-27eb-47f8-8718-6781dd015dfb" testListId="8c84fa94-04c1-424b-9868-57a2d4851a1d" />
    <TestEntry testId="a032fa6e-9e49-d41c-5d18-8e4d33039863" executionId="4fc08822-8733-41eb-8c89-5b69fdd8e0ef" testListId="8c84fa94-04c1-424b-9868-57a2d4851a1d" />
  </TestEntries>
  <TestLists>
    <TestList name="Results Not in a List" id="8c84fa94-04c1-424b-9868-57a2d4851a1d" />
    <TestList name="All Loaded Results" id="19431567-8539-422a-85d7-44ee4e166bda" />
  </TestLists>
  <ResultSummary outcome="Completed">
    <Counters total="7" executed="7" passed="7" failed="0" error="0" timeout="0" aborted="0" inconclusive="0" passedButRunAborted="0" notRunnable="0" notExecuted="0" disconnected="0" warning="0" completed="0" inProgress="0" pending="0" />
    <Output>
      <StdOut>[xUnit.net 00:00:00.00] xUnit.net VSTest Adapter v2.8.2+699d445a1a (64-bit .NET 8.0.20)
[xUnit.net 00:00:00.06]   Discovering: ZipperAPI.Tests
[xUnit.net 00:00:00.10]   Discovered:  ZipperAPI.Tests
[xUnit.net 00:00:00.10]   Starting:    ZipperAPI.Tests
[xUnit.net 00:00:24.64]   Finished:    ZipperAPI.Tests
</StdOut>
    </Output>
  </ResultSummary>
</TestRun>