<?xml version="1.0" encoding="utf-8"?>
<TestRun id="5009e987-4727-43e0-a054-483a71c652f6" name="@8a8139b2375e 2025-09-18 19:53:15" xmlns="http://microsoft.com/schemas/VisualStudio/TeamTest/2010">
  <Times creation="2025-09-18T19:53:15.9785323+00:00" queuing="2025-09-18T19:53:15.9785324+00:00" start="2025-09-18T19:53:14.0097320+00:00" finish="2025-09-18T19:53:39.5262147+00:00" />
  <TestSettings name="default" id="d655b727-ab75-4360-9e0c-8c8a917f6ab3">
    <Deployment runDeploymentRoot="_8a8139b2375e_2025-09-18_19_53_15" />
  </TestSettings>
  <Results>
    <UnitTestResult executionId="0cac0e7b-699c-479a-952d-7dfcfa9c6067" testId="bd60c160-4d40-3e7c-0545-4bbf282c9003" testName="ZipperAPI.Tests.ProcessControllerTests.LongJobResponsiveness" computerName="8a8139b2375e" duration="00:00:23.9365161" startTime="2025-09-18T19:53:39.4793366+00:00" endTime="2025-09-18T19:53:39.4793369+00:00" testType="13cdc9d9-ddb5-4fa4-a97d-d965ccfc6d4b" outcome="Passed" testListId="8c84fa94-04c1-424b-9868-57a2d4851a1d" relativeResultsDirectory="0cac0e7b-699c-479a-952d-7dfcfa9c6067" />
    <UnitTestResult executionId="93486962-066e-4a21-a48e-351704c8a4ba" testId="66434433-2443-43c1-f36f-e0038a5a1cd8" testName="ZipperAPI.Tests.InfoControllerTests.GetFileNamesShouldResultAll" computerName="8a8139b2375e" duration="00:00:00.0106914" startTime="2025-09-18T19:53:15.1430839+00:00" endTime="2025-09-18T19:53:15.1430841+00:00" testType="13cdc9d9-ddb5-4fa4-a97d-d965ccfc6d4b" outcome="Passed" testListId="8c84fa94-04c1-424b-9868-57a2d4851a1d" relativeResultsDirectory="93486962-066e-4a21-a48e-351704c8a4ba" />
    <UnitTestResult executionId="06078a73-da18-44bb-8f77-ecbc3ca4c34c" testId="ecf215da-cb33-820a-8efc-45bbe75baab1" testName="ZipperAPI.Tests.ProcessControllerTests.DownloadFailedZipAssertNotFound" computerName="8a8139b2375e" duration="00:00:00.0030722" startTime="2025-09-18T19:53:15.5426177+00:00" endTime="2025-09-18T19:53:15.5426179+00:00" testType="13cdc9d9-ddb5-4fa4-a97d-d965ccfc6d4b" outcome="Passed" testListId="8c84fa94-04c1-424b-9868-57a2d4851a1d" relativeResultsDirectory="06078a73-da18-44bb-8f77-ecbc3ca4c34c" />
    <UnitTestResult executionId="0d51c411-2b0e-40a2-be9a-3c4b91e82d90" testId="5c5f4518-c995-49a2-e6a3-d404a27caefd" testName="ZipperAPI.Tests.ProcessControllerTests.GetProcessStatusShouldReturnNotFail" computerName="8a8139b2375e" duration="00:00:00.3951017" startTime="2025-09-18T19:53:15.5394083+00:00" endTime="2025-09-18T19:53:15.5394085+00:00" testType="13cdc9d9-ddb5-4fa4-a97d-d965ccfc6d4b" outcome="Passed" testListId="8c84fa94-04c1-424b-9868-57a2d4851a1d" relativeResultsDirectory="0d51c411-2b0e-40a2-be9a-3c4b91e82d90" />
    <UnitTestResult executionId="0b7f6c30-37a2-482a-a3fc-9c3dd54899da" testId="36fe01fb-76c5-9704-b728-4185bc100a4b" testName="ZipperAPI.Tests.DownloadControllerTests.DownloadInexistentAssertNotFound" computerName="8a8139b2375e" duration="00:00:00.0065114" startTime="2025-09-18T19:53:14.7129293+00:00" endTime="2025-09-18T19:53:14.7129497+00:00" testType="13cdc9d9-ddb5-4fa4-a97d-d965ccfc6d4b" outcome="Passed" testListId="8c84fa94-04c1-424b-9868-57a2d4851a1d" relativeResultsDirectory="0b7f6c30-37a2-482a-a3fc-9c3dd54899da" />
    <UnitTestResult executionId="b56a62e0-1b81-4132-9c2d-e465d145ca72" testId="a032fa6e-9e49-d41c-5d18-8e4d33039863" testName="ZipperAPI.Tests.DownloadControllerTests.DownloadZipAssertOkay" computerName="8a8139b2375e" duration="00:00:00.4170460" startTime="2025-09-18T19:53:15.1296322+00:00" endTime="2025-09-18T19:53:15.1296324+00:00" testType="13cdc9d9-ddb5-4fa4-a97d-d965ccfc6d4b" outcome="Passed" testListId="8c84fa94-04c1-424b-9868-57a2d4851a1d" relativeResultsDirectory="b56a62e0-1b81-4132-9c2d-e465d145ca72" />
    <UnitTestResult executionId="c22c56bd-1e8f-4e85-923b-7544deb4930a" testId="1b4db1ac-c959-5931-9b60-38121dc83160" testName="ZipperAPI.Tests.ProcessControllerTests.GetProcessStatusAssertFailed" computerName="8a8139b2375e" duration="00:00:00.0018562" startTime="2025-09-18T19:53:39.4813963+00:00" endTime="2025-09-18T19:53:39.4813965+00:00" testType="13cdc9d9-ddb5-4fa4-a97d-d965ccfc6d4b" outcome="Passed" testListId="8c84fa94-04c1-424b-9868-57a2d4851a1d" relativeResultsDirectory="c22c56bd-1e8f-4e85-923b-7544deb4930a" />
  </Results>
  <TestDefinitions>
    <UnitTest name="ZipperAPI.Tests.DownloadControllerTests.DownloadInexistentAssertNotFound" storage="/app/zipperapi.tests/bin/debug/net8.0/zipperapi.tests.dll" id="36fe01fb-76c5-9704-b728-4185bc100a4b">
      <Execution id="0b7f6c30-37a2-482a-a3fc-9c3dd54899da" />
      <TestMethod codeBase="/app/ZipperAPI.Tests/bin/Debug/net8.0/ZipperAPI.Tests.dll" adapterTypeName="executor://xunit/VsTestRunner2/netcoreapp" className="ZipperAPI.Tests.DownloadControllerTests" name="DownloadInexistentAssertNotFound" />
    </UnitTest>
    <UnitTest name="ZipperAPI.Tests.ProcessControllerTests.LongJobResponsiveness" storage="/app/zipperapi.tests/bin/debug/net8.0/zipperapi.tests.dll" id="bd60c160-4d40-3e7c-0545-4bbf282c9003">
      <Execution id="0cac0e7b-699c-479a-952d-7dfcfa9c6067" />
      <TestMethod codeBase="/app/ZipperAPI.Tests/bin/Debug/net8.0/ZipperAPI.Tests.dll" adapterTypeName="executor://xunit/VsTestRunner2/netcoreapp" className="ZipperAPI.Tests.ProcessControllerTests" name="LongJobResponsiveness" />
    </UnitTest>
    <UnitTest name="ZipperAPI.Tests.ProcessControllerTests.DownloadFailedZipAssertNotFound" storage="/app/zipperapi.tests/bin/debug/net8.0/zipperapi.tests.dll" id="ecf215da-cb33-820a-8efc-45bbe75baab1">
      <Execution id="06078a73-da18-44bb-8f77-ecbc3ca4c34c" />
      <TestMethod codeBase="/app/ZipperAPI.Tests/bin/Debug/net8.0/ZipperAPI.Tests.dll" adapterTypeName="executor://xunit/VsTestRunner2/netcoreapp" className="ZipperAPI.Tests.ProcessControllerTests" name="DownloadFailedZipAssertNotFound" />
    </UnitTest>
    <UnitTest name="ZipperAPI.Tests.ProcessControllerTests.GetProcessStatusShouldReturnNotFail" storage="/app/zipperapi.tests/bin/debug/net8.0/zipperapi.tests.dll" id="5c5f4518-c995-49a2-e6a3-d404a27caefd">
      <Execution id="0d51c411-2b0e-40a2-be9a-3c4b91e82d90" />
      <TestMethod codeBase="/app/ZipperAPI.Tests/bin/Debug/net8.0/ZipperAPI.Tests.dll" adapterTypeName="executor://xunit/VsTestRunner2/netcoreapp" className="ZipperAPI.Tests.ProcessControllerTests" name="GetProcessStatusShouldReturnNotFail" />
    </UnitTest>
    <UnitTest name="ZipperAPI.Tests.DownloadControllerTests.DownloadZipAssertOkay" storage="/app/zipperapi.tests/bin/debug/net8.0/zipperapi.tests.dll" id="a032fa6e-9e49-d41c-5d18-8e4d33039863">
      <Execution id="b56a62e0-1b81-4132-9c2d-e465d145ca72" />
      <TestMethod codeBase="/app/ZipperAPI.Tests/bin/Debug/net8.0/ZipperAPI.Tests.dll" adapterTypeName="executor://xunit/VsTestRunner2/netcoreapp" className="ZipperAPI.Tests.DownloadControllerTests" name="DownloadZipAssertOkay" />
    </UnitTest>
    <UnitTest name="ZipperAPI.Tests.InfoControllerTests.GetFileNamesShouldResultAll" storage="/app/zipperapi.tests/bin/debug/net8.0/zipperapi.tests.dll" id="66434433-2443-43c1-f36f-e0038a5a1cd8">
      <Execution id="93486962-066e-4a21-a48e-351704c8a4ba" />
      <TestMethod codeBase="/app/ZipperAPI.Tests/bin/Debug/net8.0/ZipperAPI.Tests.dll" adapterTypeName="executor://xunit/VsTestRunner2/netcoreapp" className="ZipperAPI.Tests.InfoControllerTests" name="GetFileNamesShouldResultAll" />
    </UnitTest>
    <UnitTest name="ZipperAPI.Tests.ProcessControllerTests.GetProcessStatusAssertFailed" storage="/app/zipperapi.tests/bin/debug/net8.0/zipperapi.tests.dll" id="1b4db1ac-c959-5931-9b60-38121dc83160">
      <Execution id="c22c56bd-1e8f-4e85-923b-7544deb4930a" />
      <TestMethod codeBase="/app/ZipperAPI.Tests/bin/Debug/net8.0/ZipperAPI.Tests.dll" adapterTypeName="executor://xunit/VsTestRunner2/netcoreapp" className="ZipperAPI.Tests.ProcessControllerTests" name="GetProcessStatusAssertFailed" />
    </UnitTest>
  </TestDefinitions>
  <TestEntries>
    <TestEntry testId="bd60c160-4d40-3e7c-0545-4bbf282c9003" executionId="0cac0e7b-699c-479a-952d-7dfcfa9c6067" testListId="8c84fa94-04c1-424b-9868-57a2d4851a1d" />
    <TestEntry testId="66434433-2443-43c1-f36f-e0038a5a1cd8" executionId="93486962-066e-4a21-a48e-351704c8a4ba" testListId="8c84fa94-04c1-424b-9868-57a2d4851a1d" />
    <TestEntry testId="ecf215da-cb33-820a-8efc-45bbe75baab1" executionId="06078a73-da18-44bb-8f77-ecbc3ca4c34c" testListId="8c84fa94-04c1-424b-9868-57a2d4851a1d" />
    <TestEntry testId="5c5f4518-c995-49a2-e6a3-d404a27caefd" executionId="0d51c411-2b0e-40a2-be9a-3c4b91e82d90" testListId="8c84fa94-04c1-424b-9868-57a2d4851a1d" />
    <TestEntry testId="36fe01fb-76c5-9704-b728-4185bc100a4b" executionId="0b7f6c30-37a2-482a-a3fc-9c3dd54899da" testListId="8c84fa94-04c1-424b-9868-57a2d4851a1d" />
    <TestEntry testId="a032fa6e-9e49-d41c-5d18-8e4d33039863" executionId="b56a62e0-1b81-4132-9c2d-e465d145ca72" testListId="8c84fa94-04c1-424b-9868-57a2d4851a1d" />
    <TestEntry testId="1b4db1ac-c959-5931-9b60-38121dc83160" executionId="c22c56bd-1e8f-4e85-923b-7544deb4930a" testListId="8c84fa94-04c1-424b-9868-57a2d4851a1d" />
  </TestEntries>
  <TestLists>
    <TestList name="Results Not in a List" id="8c84fa94-04c1-424b-9868-57a2d4851a1d" />
    <TestList name="All Loaded Results" id="19431567-8539-422a-85d7-44ee4e166bda" />
  </TestLists>
  <ResultSummary outcome="Completed">
    <Counters total="7" executed="7" passed="7" failed="0" error="0" timeout="0" aborted="0" inconclusive="0" passedButRunAborted="0" notRunnable="0" notExecuted="0" disconnected="0" warning="0" completed="0" inProgress="0" pending="0" />
    <Output>
      <StdOut>[xUnit.net 00:00:00.00] xUnit.net VSTest Adapter v2.8.2+699d445a1a (64-bit .NET 8.0.20)
[xUnit.net 00:00:00.07]   Discovering: ZipperAPI.Tests
[xUnit.net 00:00:00.10]   Discovered:  ZipperAPI.Tests
[xUnit.net 00:00:00.10]   Starting:    ZipperAPI.Tests
[xUnit.net 00:00:25.03]   Finished:    ZipperAPI.Tests
</StdOut>
    </Output>
  </ResultSummary>
</TestRun>