<?xml version="1.0" encoding="utf-8"?>
<TestRun id="87f1aec7-d28f-4eeb-9b61-4645cdc335eb" name="@a39ccfecfe95 2025-09-18 19:59:51" xmlns="http://microsoft.com/schemas/VisualStudio/TeamTest/2010">
  <Times creation="2025-09-18T19:59:51.9552191+00:00" queuing="2025-09-18T19:59:51.9552192+00:00" start="2025-09-18T19:59:50.0221827+00:00" finish="2025-09-18T20:00:15.0019093+00:00" />
  <TestSettings name="default" id="5566b170-1c50-4a22-9e7d-6365888ec224">
    <Deployment runDeploymentRoot="_a39ccfecfe95_2025-09-18_19_59_51" />
  </TestSettings>
  <Results>
    <UnitTestResult executionId="1ecf7541-5474-4b85-96e9-8ddec1fbd880" testId="ecf215da-cb33-820a-8efc-45bbe75baab1" testName="ZipperAPI.Tests.ProcessControllerTests.DownloadFailedZipAssertNotFound" computerName="a39ccfecfe95" duration="00:00:00.0026920" startTime="2025-09-18T19:59:51.5681665+00:00" endTime="2025-09-18T19:59:51.5681666+00:00" testType="13cdc9d9-ddb5-4fa4-a97d-d965ccfc6d4b" outcome="Passed" testListId="8c84fa94-04c1-424b-9868-57a2d4851a1d" relativeResultsDirectory="1ecf7541-5474-4b85-96e9-8ddec1fbd880" />
    <UnitTestResult executionId="8ffbde91-c7bc-44ca-8589-e8083ff07507" testId="bd60c160-4d40-3e7c-0545-4bbf282c9003" testName="ZipperAPI.Tests.ProcessControllerTests.LongJobResponsiveness" computerName="a39ccfecfe95" duration="00:00:23.3863679" startTime="2025-09-18T20:00:14.9548601+00:00" endTime="2025-09-18T20:00:14.9548603+00:00" testType="13cdc9d9-ddb5-4fa4-a97d-d965ccfc6d4b" outcome="Passed" testListId="8c84fa94-04c1-424b-9868-57a2d4851a1d" relativeResultsDirectory="8ffbde91-c7bc-44ca-8589-e8083ff07507" />
    <UnitTestResult executionId="826bfb3d-199f-4fda-ac69-4d65841b8c97" testId="5c5f4518-c995-49a2-e6a3-d404a27caefd" testName="ZipperAPI.Tests.ProcessControllerTests.GetProcessStatusShouldReturnNotFail" computerName="a39ccfecfe95" duration="00:00:00.4674686" startTime="2025-09-18T19:59:51.5653232+00:00" endTime="2025-09-18T19:59:51.5653234+00:00" testType="13cdc9d9-ddb5-4fa4-a97d-d965ccfc6d4b" outcome="Passed" testListId="8c84fa94-04c1-424b-9868-57a2d4851a1d" relativeResultsDirectory="826bfb3d-199f-4fda-ac69-4d65841b8c97" />
    <UnitTestResult executionId="e8e824bc-0daa-4b7e-9221-807c4499a4f4" testId="36fe01fb-76c5-9704-b728-4185bc100a4b" testName="ZipperAPI.Tests.DownloadControllerTests.DownloadInexistentAssertNotFound" computerName="a39ccfecfe95" duration="00:00:00.0071306" startTime="2025-09-18T19:59:50.6260812+00:00" endTime="2025-09-18T19:59:50.6261157+00:00" testType="13cdc9d9-ddb5-4fa4-a97d-d965ccfc6d4b" outcome="Passed" testListId="8c84fa94-04c1-424b-9868-57a2d4851a1d" relativeResultsDirectory="e8e824bc-0daa-4b7e-9221-807c4499a4f4" />
    <UnitTestResult executionId="6e71fcbc-b0a0-412c-a373-0c6b05722f7f" testId="1b4db1ac-c959-5931-9b60-38121dc83160" testName="ZipperAPI.Tests.ProcessControllerTests.GetProcessStatusAssertFailed" computerName="a39ccfecfe95" duration="00:00:00.0007634" startTime="2025-09-18T20:00:14.9558010+00:00" endTime="2025-09-18T20:00:14.9558011+00:00" testType="13cdc9d9-ddb5-4fa4-a97d-d965ccfc6d4b" outcome="Passed" testListId="8c84fa94-04c1-424b-9868-57a2d4851a1d" relativeResultsDirectory="6e71fcbc-b0a0-412c-a373-0c6b05722f7f" />
    <UnitTestResult executionId="9f91dc5a-0dd2-4cf3-80bb-e1f4f2ec9ccc" testId="a032fa6e-9e49-d41c-5d18-8e4d33039863" testName="ZipperAPI.Tests.DownloadControllerTests.DownloadZipAssertOkay" computerName="a39ccfecfe95" duration="00:00:00.4531929" startTime="2025-09-18T19:59:51.0789146+00:00" endTime="2025-09-18T19:59:51.0789148+00:00" testType="13cdc9d9-ddb5-4fa4-a97d-d965ccfc6d4b" outcome="Passed" testListId="8c84fa94-04c1-424b-9868-57a2d4851a1d" relativeResultsDirectory="9f91dc5a-0dd2-4cf3-80bb-e1f4f2ec9ccc" />
    <UnitTestResult executionId="0ac067ce-827e-4604-b74c-b3e9f23b1355" testId="66434433-2443-43c1-f36f-e0038a5a1cd8" testName="ZipperAPI.Tests.InfoControllerTests.GetFileNamesShouldResultAll" computerName="a39ccfecfe95" duration="00:00:00.0141523" startTime="2025-09-18T19:59:51.0959236+00:00" endTime="2025-09-18T19:59:51.0959237+00:00" testType="13cdc9d9-ddb5-4fa4-a97d-d965ccfc6d4b" outcome="Passed" testListId="8c84fa94-04c1-424b-9868-57a2d4851a1d" relativeResultsDirectory="0ac067ce-827e-4604-b74c-b3e9f23b1355" />
  </Results>
  <TestDefinitions>
    <UnitTest name="ZipperAPI.Tests.DownloadControllerTests.DownloadInexistentAssertNotFound" storage="/app/zipperapi.tests/bin/debug/net8.0/zipperapi.tests.dll" id="36fe01fb-76c5-9704-b728-4185bc100a4b">
      <Execution id="e8e824bc-0daa-4b7e-9221-807c4499a4f4" />
      <TestMethod codeBase="/app/ZipperAPI.Tests/bin/Debug/net8.0/ZipperAPI.Tests.dll" adapterTypeName="executor://xunit/VsTestRunner2/netcoreapp" className="ZipperAPI.Tests.DownloadControllerTests" name="DownloadInexistentAssertNotFound" />
    </UnitTest>
    <UnitTest name="ZipperAPI.Tests.ProcessControllerTests.LongJobResponsiveness" storage="/app/zipperapi.tests/bin/debug/net8.0/zipperapi.tests.dll" id="bd60c160-4d40-3e7c-0545-4bbf282c9003">
      <Execution id="8ffbde91-c7bc-44ca-8589-e8083ff07507" />
      <TestMethod codeBase="/app/ZipperAPI.Tests/bin/Debug/net8.0/ZipperAPI.Tests.dll" adapterTypeName="executor://xunit/VsTestRunner2/netcoreapp" className="ZipperAPI.Tests.ProcessControllerTests" name="LongJobResponsiveness" />
    </UnitTest>
    <UnitTest name="ZipperAPI.Tests.ProcessControllerTests.DownloadFailedZipAssertNotFound" storage="/app/zipperapi.tests/bin/debug/net8.0/zipperapi.tests.dll" id="ecf215da-cb33-820a-8efc-45bbe75baab1">
      <Execution id="1ecf7541-5474-4b85-96e9-8ddec1fbd880" />
      <TestMethod codeBase="/app/ZipperAPI.Tests/bin/Debug/net8.0/ZipperAPI.Tests.dll" adapterTypeName="executor://xunit/VsTestRunner2/netcoreapp" className="ZipperAPI.Tests.ProcessControllerTests" name="DownloadFailedZipAssertNotFound" />
    </UnitTest>
    <UnitTest name="ZipperAPI.Tests.ProcessControllerTests.GetProcessStatusShouldReturnNotFail" storage="/app/zipperapi.tests/bin/debug/net8.0/zipperapi.tests.dll" id="5c5f4518-c995-49a2-e6a3-d404a27caefd">
      <Execution id="826bfb3d-199f-4fda-ac69-4d65841b8c97" />
      <TestMethod codeBase="/app/ZipperAPI.Tests/bin/Debug/net8.0/ZipperAPI.Tests.dll" adapterTypeName="executor://xunit/VsTestRunner2/netcoreapp" className="ZipperAPI.Tests.ProcessControllerTests" name="GetProcessStatusShouldReturnNotFail" />
    </UnitTest>
    <UnitTest name="ZipperAPI.Tests.DownloadControllerTests.DownloadZipAssertOkay" storage="/app/zipperapi.tests/bin/debug/net8.0/zipperapi.tests.dll" id="a032fa6e-9e49-d41c-5d18-8e4d33039863">
      <Execution id="9f91dc5a-0dd2-4cf3-80bb-e1f4f2ec9ccc" />
      <TestMethod codeBase="/app/ZipperAPI.Tests/bin/Debug/net8.0/ZipperAPI.Tests.dll" adapterTypeName="executor://xunit/VsTestRunner2/netcoreapp" className="ZipperAPI.Tests.DownloadControllerTests" name="DownloadZipAssertOkay" />
    </UnitTest>
    <UnitTest name="ZipperAPI.Tests.InfoControllerTests.GetFileNamesShouldResultAll" storage="/app/zipperapi.tests/bin/debug/net8.0/zipperapi.tests.dll" id="66434433-2443-43c1-f36f-e0038a5a1cd8">
      <Execution id="0ac067ce-827e-4604-b74c-b3e9f23b1355" />
      <TestMethod codeBase="/app/ZipperAPI.Tests/bin/Debug/net8.0/ZipperAPI.Tests.dll" adapterTypeName="executor://xunit/VsTestRunner2/netcoreapp" className="ZipperAPI.Tests.InfoControllerTests" name="GetFileNamesShouldResultAll" />
    </UnitTest>
    <UnitTest name="ZipperAPI.Tests.ProcessControllerTests.GetProcessStatusAssertFailed" storage="/app/zipperapi.tests/bin/debug/net8.0/zipperapi.tests.dll" id="1b4db1ac-c959-5931-9b60-38121dc83160">
      <Execution id="6e71fcbc-b0a0-412c-a373-0c6b05722f7f" />
      <TestMethod codeBase="/app/ZipperAPI.Tests/bin/Debug/net8.0/ZipperAPI.Tests.dll" adapterTypeName="executor://xunit/VsTestRunner2/netcoreapp" className="ZipperAPI.Tests.ProcessControllerTests" name="GetProcessStatusAssertFailed" />
    </UnitTest>
  </TestDefinitions>
  <TestEntries>
    <TestEntry testId="ecf215da-cb33-820a-8efc-45bbe75baab1" executionId="1ecf7541-5474-4b85-96e9-8ddec1fbd880" testListId="8c84fa94-04c1-424b-9868-57a2d4851a1d" />
    <TestEntry testId="bd60c160-4d40-3e7c-0545-4bbf282c9003" executionId="8ffbde91-c7bc-44ca-8589-e8083ff07507" testListId="8c84fa94-04c1-424b-9868-57a2d4851a1d" />
    <TestEntry testId="5c5f4518-c995-49a2-e6a3-d404a27caefd" executionId="826bfb3d-199f-4fda-ac69-4d65841b8c97" testListId="8c84fa94-04c1-424b-9868-57a2d4851a1d" />
    <TestEntry testId="36fe01fb-76c5-9704-b728-4185bc100a4b" executionId="e8e824bc-0daa-4b7e-9221-807c4499a4f4" testListId="8c84fa94-04c1-424b-9868-57a2d4851a1d" />
    <TestEntry testId="1b4db1ac-c959-5931-9b60-38121dc83160" executionId="6e71fcbc-b0a0-412c-a373-0c6b05722f7f" testListId="8c84fa94-04c1-424b-9868-57a2d4851a1d" />
    <TestEntry testId="a032fa6e-9e49-d41c-5d18-8e4d33039863" executionId="9f91dc5a-0dd2-4cf3-80bb-e1f4f2ec9ccc" testListId="8c84fa94-04c1-424b-9868-57a2d4851a1d" />
    <TestEntry testId="66434433-2443-43c1-f36f-e0038a5a1cd8" executionId="0ac067ce-827e-4604-b74c-b3e9f23b1355" testListId="8c84fa94-04c1-424b-9868-57a2d4851a1d" />
  </TestEntries>
  <TestLists>
    <TestList name="Results Not in a List" id="8c84fa94-04c1-424b-9868-57a2d4851a1d" />
    <TestList name="All Loaded Results" id="19431567-8539-422a-85d7-44ee4e166bda" />
  </TestLists>
  <ResultSummary outcome="Completed">
    <Counters total="7" executed="7" passed="7" failed="0" error="0" timeout="0" aborted="0" inconclusive="0" passedButRunAborted="0" notRunnable="0" notExecuted="0" disconnected="0" warning="0" completed="0" inProgress="0" pending="0" />
    <Output>
      <StdOut>[xUnit.net 00:00:00.00] xUnit.net VSTest Adapter v2.8.2+699d445a1a (64-bit .NET 8.0.20)
[xUnit.net 00:00:00.07]   Discovering: ZipperAPI.Tests
[xUnit.net 00:00:00.09]   Discovered:  ZipperAPI.Tests
[xUnit.net 00:00:00.09]   Starting:    ZipperAPI.Tests
[xUnit.net 00:00:24.55]   Finished:    ZipperAPI.Tests
</StdOut>
    </Output>
  </ResultSummary>
</TestRun>