<?xml version="1.0" encoding="utf-8"?>
<TestRun id="7ece609d-5a84-425d-99b9-2d1126a3bf55" name="@cc3ba7c5ffbb 2025-09-18 19:57:28" xmlns="http://microsoft.com/schemas/VisualStudio/TeamTest/2010">
  <Times creation="2025-09-18T19:57:28.7567946+00:00" queuing="2025-09-18T19:57:28.7567946+00:00" start="2025-09-18T19:57:26.8508321+00:00" finish="2025-09-18T19:57:51.5169952+00:00" />
  <TestSettings name="default" id="cadd2a6e-89d0-457c-b1c3-3aaa15075daf">
    <Deployment runDeploymentRoot="_cc3ba7c5ffbb_2025-09-18_19_57_28" />
  </TestSettings>
  <Results>
    <UnitTestResult executionId="27601bd7-4722-44d4-b02d-c7f04e5d9044" testId="66434433-2443-43c1-f36f-e0038a5a1cd8" testName="ZipperAPI.Tests.InfoControllerTests.GetFileNamesShouldResultAll" computerName="cc3ba7c5ffbb" duration="00:00:00.0107519" startTime="2025-09-18T19:57:27.8961717+00:00" endTime="2025-09-18T19:57:27.8961719+00:00" testType="13cdc9d9-ddb5-4fa4-a97d-d965ccfc6d4b" outcome="Passed" testListId="8c84fa94-04c1-424b-9868-57a2d4851a1d" relativeResultsDirectory="27601bd7-4722-44d4-b02d-c7f04e5d9044" />
    <UnitTestResult executionId="372404c6-989e-4847-90d5-eeab254eb787" testId="5c5f4518-c995-49a2-e6a3-d404a27caefd" testName="ZipperAPI.Tests.ProcessControllerTests.GetProcessStatusShouldReturnNotFail" computerName="cc3ba7c5ffbb" duration="00:00:00.3912023" startTime="2025-09-18T19:57:28.2886319+00:00" endTime="2025-09-18T19:57:28.2886322+00:00" testType="13cdc9d9-ddb5-4fa4-a97d-d965ccfc6d4b" outcome="Passed" testListId="8c84fa94-04c1-424b-9868-57a2d4851a1d" relativeResultsDirectory="372404c6-989e-4847-90d5-eeab254eb787" />
    <UnitTestResult executionId="4228a24b-1fb2-413b-9757-5f72e160cab4" testId="a032fa6e-9e49-d41c-5d18-8e4d33039863" testName="ZipperAPI.Tests.DownloadControllerTests.DownloadZipAssertOkay" computerName="cc3ba7c5ffbb" duration="00:00:00.4471905" startTime="2025-09-18T19:57:27.8824784+00:00" endTime="2025-09-18T19:57:27.8824786+00:00" testType="13cdc9d9-ddb5-4fa4-a97d-d965ccfc6d4b" outcome="Passed" testListId="8c84fa94-04c1-424b-9868-57a2d4851a1d" relativeResultsDirectory="4228a24b-1fb2-413b-9757-5f72e160cab4" />
    <UnitTestResult executionId="4f087856-4ab2-41ac-83c1-24266a0822a6" testId="36fe01fb-76c5-9704-b728-4185bc100a4b" testName="ZipperAPI.Tests.DownloadControllerTests.DownloadInexistentAssertNotFound" computerName="cc3ba7c5ffbb" duration="00:00:00.0067308" startTime="2025-09-18T19:57:27.4358822+00:00" endTime="2025-09-18T19:57:27.4359131+00:00" testType="13cdc9d9-ddb5-4fa4-a97d-d965ccfc6d4b" outcome="Passed" testListId="8c84fa94-04c1-424b-9868-57a2d4851a1d" relativeResultsDirectory="4f087856-4ab2-41ac-83c1-24266a0822a6" />
    <UnitTestResult executionId="e5db7fb0-4cee-4997-b79d-d9b5ee12409b" testId="ecf215da-cb33-820a-8efc-45bbe75baab1" testName="ZipperAPI.Tests.ProcessControllerTests.DownloadFailedZipAssertNotFound" computerName="cc3ba7c5ffbb" duration="00:00:00.0027927" startTime="2025-09-18T19:57:28.2915431+00:00" endTime="2025-09-18T19:57:28.2915433+00:00" testType="13cdc9d9-ddb5-4fa4-a97d-d965ccfc6d4b" outcome="Passed" testListId="8c84fa94-04c1-424b-9868-57a2d4851a1d" relativeResultsDirectory="e5db7fb0-4cee-4997-b79d-d9b5ee12409b" />
    <UnitTestResult executionId="7806891a-0960-4cb8-bccf-70deb9a0c389" testId="1b4db1ac-c959-5931-9b60-38121dc83160" testName="ZipperAPI.Tests.ProcessControllerTests.GetProcessStatusAssertFailed" computerName="cc3ba7c5ffbb" duration="00:00:00.0007486" startTime="2025-09-18T19:57:51.4716331+00:00" endTime="2025-09-18T19:57:51.4716332+00:00" testType="13cdc9d9-ddb5-4fa4-a97d-d965ccfc6d4b" outcome="Passed" testListId="8c84fa94-04c1-424b-9868-57a2d4851a1d" relativeResultsDirectory="7806891a-0960-4cb8-bccf-70deb9a0c389" />
    <UnitTestResult executionId="cb92fa06-fc99-4297-93b8-416c924dde4f" testId="bd60c160-4d40-3e7c-0545-4bbf282c9003" testName="ZipperAPI.Tests.ProcessControllerTests.LongJobResponsiveness" computerName="cc3ba7c5ffbb" duration="00:00:23.1798323" startTime="2025-09-18T19:57:51.4707111+00:00" endTime="2025-09-18T19:57:51.4707113+00:00" testType="13cdc9d9-ddb5-4fa4-a97d-d965ccfc6d4b" outcome="Passed" testListId="8c84fa94-04c1-424b-9868-57a2d4851a1d" relativeResultsDirectory="cb92fa06-fc99-4297-93b8-416c924dde4f" />
  </Results>
  <TestDefinitions>
    <UnitTest name="ZipperAPI.Tests.DownloadControllerTests.DownloadInexistentAssertNotFound" storage="/app/zipperapi.tests/bin/debug/net8.0/zipperapi.tests.dll" id="36fe01fb-76c5-9704-b728-4185bc100a4b">
      <Execution id="4f087856-4ab2-41ac-83c1-24266a0822a6" />
      <TestMethod codeBase="/app/ZipperAPI.Tests/bin/Debug/net8.0/ZipperAPI.Tests.dll" adapterTypeName="executor://xunit/VsTestRunner2/netcoreapp" className="ZipperAPI.Tests.DownloadControllerTests" name="DownloadInexistentAssertNotFound" />
    </UnitTest>
    <UnitTest name="ZipperAPI.Tests.ProcessControllerTests.LongJobResponsiveness" storage="/app/zipperapi.tests/bin/debug/net8.0/zipperapi.tests.dll" id="bd60c160-4d40-3e7c-0545-4bbf282c9003">
      <Execution id="cb92fa06-fc99-4297-93b8-416c924dde4f" />
      <TestMethod codeBase="/app/ZipperAPI.Tests/bin/Debug/net8.0/ZipperAPI.Tests.dll" adapterTypeName="executor://xunit/VsTestRunner2/netcoreapp" className="ZipperAPI.Tests.ProcessControllerTests" name="LongJobResponsiveness" />
    </UnitTest>
    <UnitTest name="ZipperAPI.Tests.ProcessControllerTests.DownloadFailedZipAssertNotFound" storage="/app/zipperapi.tests/bin/debug/net8.0/zipperapi.tests.dll" id="ecf215da-cb33-820a-8efc-45bbe75baab1">
      <Execution id="e5db7fb0-4cee-4997-b79d-d9b5ee12409b" />
      <TestMethod codeBase="/app/ZipperAPI.Tests/bin/Debug/net8.0/ZipperAPI.Tests.dll" adapterTypeName="executor://xunit/VsTestRunner2/netcoreapp" className="ZipperAPI.Tests.ProcessControllerTests" name="DownloadFailedZipAssertNotFound" />
    </UnitTest>
    <UnitTest name="ZipperAPI.Tests.ProcessControllerTests.GetProcessStatusShouldReturnNotFail" storage="/app/zipperapi.tests/bin/debug/net8.0/zipperapi.tests.dll" id="5c5f4518-c995-49a2-e6a3-d404a27caefd">
      <Execution id="372404c6-989e-4847-90d5-eeab254eb787" />
      <TestMethod codeBase="/app/ZipperAPI.Tests/bin/Debug/net8.0/ZipperAPI.Tests.dll" adapterTypeName="executor://xunit/VsTestRunner2/netcoreapp" className="ZipperAPI.Tests.ProcessControllerTests" name="GetProcessStatusShouldReturnNotFail" />
    </UnitTest>
    <UnitTest name="ZipperAPI.Tests.DownloadControllerTests.DownloadZipAssertOkay" storage="/app/zipperapi.tests/bin/debug/net8.0/zipperapi.tests.dll" id="a032fa6e-9e49-d41c-5d18-8e4d33039863">
      <Execution id="4228a24b-1fb2-413b-9757-5f72e160cab4" />
      <TestMethod codeBase="/app/ZipperAPI.Tests/bin/Debug/net8.0/ZipperAPI.Tests.dll" adapterTypeName="executor://xunit/VsTestRunner2/netcoreapp" className="ZipperAPI.Tests.DownloadControllerTests" name="DownloadZipAssertOkay" />
    </UnitTest>
    <UnitTest name="ZipperAPI.Tests.InfoControllerTests.GetFileNamesShouldResultAll" storage="/app/zipperapi.tests/bin/debug/net8.0/zipperapi.tests.dll" id="66434433-2443-43c1-f36f-e0038a5a1cd8">
      <Execution id="27601bd7-4722-44d4-b02d-c7f04e5d9044" />
      <TestMethod codeBase="/app/ZipperAPI.Tests/bin/Debug/net8.0/ZipperAPI.Tests.dll" adapterTypeName="executor://xunit/VsTestRunner2/netcoreapp" className="ZipperAPI.Tests.InfoControllerTests" name="GetFileNamesShouldResultAll" />
    </UnitTest>
    <UnitTest name="ZipperAPI.Tests.ProcessControllerTests.GetProcessStatusAssertFailed" storage="/app/zipperapi.tests/bin/debug/net8.0/zipperapi.tests.dll" id="1b4db1ac-c959-5931-9b60-38121dc83160">
      <Execution id="7806891a-0960-4cb8-bccf-70deb9a0c389" />
      <TestMethod codeBase="/app/ZipperAPI.Tests/bin/Debug/net8.0/ZipperAPI.Tests.dll" adapterTypeName="executor://xunit/VsTestRunner2/netcoreapp" className="ZipperAPI.Tests.ProcessControllerTests" name="GetProcessStatusAssertFailed" />
    </UnitTest>
  </TestDefinitions>
  <TestEntries>
    <TestEntry testId="66434433-2443-43c1-f36f-e0038a5a1cd8" executionId="27601bd7-4722-44d4-b02d-c7f04e5d9044" testListId="8c84fa94-04c1-424b-9868-57a2d4851a1d" />
    <TestEntry testId="5c5f4518-c995-49a2-e6a3-d404a27caefd" executionId="372404c6-989e-4847-90d5-eeab254eb787" testListId="8c84fa94-04c1-424b-9868-57a2d4851a1d" />
    <TestEntry testId="a032fa6e-9e49-d41c-5d18-8e4d33039863" executionId="4228a24b-1fb2-413b-9757-5f72e160cab4" testListId="8c84fa94-04c1-424b-9868-57a2d4851a1d" />
    <TestEntry testId="36fe01fb-76c5-9704-b728-4185bc100a4b" executionId="4f087856-4ab2-41ac-83c1-24266a0822a6" testListId="8c84fa94-04c1-424b-9868-57a2d4851a1d" />
    <TestEntry testId="ecf215da-cb33-820a-8efc-45bbe75baab1" executionId="e5db7fb0-4cee-4997-b79d-d9b5ee12409b" testListId="8c84fa94-04c1-424b-9868-57a2d4851a1d" />
    <TestEntry testId="1b4db1ac-c959-5931-9b60-38121dc83160" executionId="7806891a-0960-4cb8-bccf-70deb9a0c389" testListId="8c84fa94-04c1-424b-9868-57a2d4851a1d" />
    <TestEntry testId="bd60c160-4d40-3e7c-0545-4bbf282c9003" executionId="cb92fa06-fc99-4297-93b8-416c924dde4f" testListId="8c84fa94-04c1-424b-9868-57a2d4851a1d" />
  </TestEntries>
  <TestLists>
    <TestList name="Results Not in a List" id="8c84fa94-04c1-424b-9868-57a2d4851a1d" />
    <TestList name="All Loaded Results" id="19431567-8539-422a-85d7-44ee4e166bda" />
  </TestLists>
  <ResultSummary outcome="Completed">
    <Counters total="7" executed="7" passed="7" failed="0" error="0" timeout="0" aborted="0" inconclusive="0" passedButRunAborted="0" notRunnable="0" notExecuted="0" disconnected="0" warning="0" completed="0" inProgress="0" pending="0" />
    <Output>
      <StdOut>[xUnit.net 00:00:00.00] xUnit.net VSTest Adapter v2.8.2+699d445a1a (64-bit .NET 8.0.20)
[xUnit.net 00:00:00.06]   Discovering: ZipperAPI.Tests
[xUnit.net 00:00:00.09]   Discovered:  ZipperAPI.Tests
[xUnit.net 00:00:00.09]   Starting:    ZipperAPI.Tests
[xUnit.net 00:00:24.24]   Finished:    ZipperAPI.Tests
</StdOut>
    </Output>
  </ResultSummary>
</TestRun>