<?xml version="1.0" encoding="utf-8"?>
<TestRun id="0fd3a78b-b6f5-4c5e-9bfc-f03cc612cc0f" name="@d4641e257cc9 2025-09-18 19:58:40" xmlns="http://microsoft.com/schemas/VisualStudio/TeamTest/2010">
  <Times creation="2025-09-18T19:58:40.1571561+00:00" queuing="2025-09-18T19:58:40.1571561+00:00" start="2025-09-18T19:58:38.2687892+00:00" finish="2025-09-18T19:59:03.1911255+00:00" />
  <TestSettings name="default" id="bc3510e0-e87f-4ea4-b5df-46767ee392ff">
    <Deployment runDeploymentRoot="_d4641e257cc9_2025-09-18_19_58_40" />
  </TestSettings>
  <Results>
    <UnitTestResult executionId="49713813-063d-4aca-9f28-c7adc876d78f" testId="a032fa6e-9e49-d41c-5d18-8e4d33039863" testName="ZipperAPI.Tests.DownloadControllerTests.DownloadZipAssertOkay" computerName="d4641e257cc9" duration="00:00:00.4234995" startTime="2025-09-18T19:58:39.2441731+00:00" endTime="2025-09-18T19:58:39.2441732+00:00" testType="13cdc9d9-ddb5-4fa4-a97d-d965ccfc6d4b" outcome="Passed" testListId="8c84fa94-04c1-424b-9868-57a2d4851a1d" relativeResultsDirectory="49713813-063d-4aca-9f28-c7adc876d78f" />
    <UnitTestResult executionId="6b9aa2d6-9be5-4f10-8e5f-d3dc58a92dfe" testId="36fe01fb-76c5-9704-b728-4185bc100a4b" testName="ZipperAPI.Tests.DownloadControllerTests.DownloadInexistentAssertNotFound" computerName="d4641e257cc9" duration="00:00:00.0058591" startTime="2025-09-18T19:58:38.8210942+00:00" endTime="2025-09-18T19:58:38.8211228+00:00" testType="13cdc9d9-ddb5-4fa4-a97d-d965ccfc6d4b" outcome="Passed" testListId="8c84fa94-04c1-424b-9868-57a2d4851a1d" relativeResultsDirectory="6b9aa2d6-9be5-4f10-8e5f-d3dc58a92dfe" />
    <UnitTestResult executionId="c0611ab6-b2b5-4e56-a5d8-4e17ba7a91a2" testId="5c5f4518-c995-49a2-e6a3-d404a27caefd" testName="ZipperAPI.Tests.ProcessControllerTests.GetProcessStatusShouldReturnNotFail" computerName="d4641e257cc9" duration="00:00:00.3935122" startTime="2025-09-18T19:58:39.6531364+00:00" endTime="2025-09-18T19:58:39.6531365+00:00" testType="13cdc9d9-ddb5-4fa4-a97d-d965ccfc6d4b" outcome="Passed" testListId="8c84fa94-04c1-424b-9868-57a2d4851a1d" relativeResultsDirectory="c0611ab6-b2b5-4e56-a5d8-4e17ba7a91a2" />
    <UnitTestResult executionId="0014896e-082c-47ad-b110-7ec876542e3d" testId="ecf215da-cb33-820a-8efc-45bbe75baab1" testName="ZipperAPI.Tests.ProcessControllerTests.DownloadFailedZipAssertNotFound" computerName="d4641e257cc9" duration="00:00:00.0027597" startTime="2025-09-18T19:58:39.6560357+00:00" endTime="2025-09-18T19:58:39.6560358+00:00" testType="13cdc9d9-ddb5-4fa4-a97d-d965ccfc6d4b" outcome="Passed" testListId="8c84fa94-04c1-424b-9868-57a2d4851a1d" relativeResultsDirectory="0014896e-082c-47ad-b110-7ec876542e3d" />
    <UnitTestResult executionId="7812ec2c-0485-4e0b-bdf0-9c3aa83c1684" testId="bd60c160-4d40-3e7c-0545-4bbf282c9003" testName="ZipperAPI.Tests.ProcessControllerTests.LongJobResponsiveness" computerName="d4641e257cc9" duration="00:00:23.4882716" startTime="2025-09-18T19:59:03.1442550+00:00" endTime="2025-09-18T19:59:03.1442551+00:00" testType="13cdc9d9-ddb5-4fa4-a97d-d965ccfc6d4b" outcome="Passed" testListId="8c84fa94-04c1-424b-9868-57a2d4851a1d" relativeResultsDirectory="7812ec2c-0485-4e0b-bdf0-9c3aa83c1684" />
    <UnitTestResult executionId="86f69e15-a76c-4993-b54d-9099838d3a2e" testId="66434433-2443-43c1-f36f-e0038a5a1cd8" testName="ZipperAPI.Tests.InfoControllerTests.GetFileNamesShouldResultAll" computerName="d4641e257cc9" duration="00:00:00.0115098" startTime="2025-09-18T19:58:39.2583581+00:00" endTime="2025-09-18T19:58:39.2583583+00:00" testType="13cdc9d9-ddb5-4fa4-a97d-d965ccfc6d4b" outcome="Passed" testListId="8c84fa94-04c1-424b-9868-57a2d4851a1d" relativeResultsDirectory="86f69e15-a76c-4993-b54d-9099838d3a2e" />
    <UnitTestResult executionId="0961424c-2db0-4a1d-af8b-669b0505b103" testId="1b4db1ac-c959-5931-9b60-38121dc83160" testName="ZipperAPI.Tests.ProcessControllerTests.GetProcessStatusAssertFailed" computerName="d4641e257cc9" duration="00:00:00.0008216" startTime="2025-09-18T19:59:03.1453000+00:00" endTime="2025-09-18T19:59:03.1453001+00:00" testType="13cdc9d9-ddb5-4fa4-a97d-d965ccfc6d4b" outcome="Passed" testListId="8c84fa94-04c1-424b-9868-57a2d4851a1d" relativeResultsDirectory="0961424c-2db0-4a1d-af8b-669b0505b103" />
  </Results>
  <TestDefinitions>
    <UnitTest name="ZipperAPI.Tests.DownloadControllerTests.DownloadInexistentAssertNotFound" storage="/app/zipperapi.tests/bin/debug/net8.0/zipperapi.tests.dll" id="36fe01fb-76c5-9704-b728-4185bc100a4b">
      <Execution id="6b9aa2d6-9be5-4f10-8e5f-d3dc58a92dfe" />
      <TestMethod codeBase="/app/ZipperAPI.Tests/bin/Debug/net8.0/ZipperAPI.Tests.dll" adapterTypeName="executor://xunit/VsTestRunner2/netcoreapp" className="ZipperAPI.Tests.DownloadControllerTests" name="DownloadInexistentAssertNotFound" />
    </UnitTest>
    <UnitTest name="ZipperAPI.Tests.ProcessControllerTests.LongJobResponsiveness" storage="/app/zipperapi.tests/bin/debug/net8.0/zipperapi.tests.dll" id="bd60c160-4d40-3e7c-0545-4bbf282c9003">
      <Execution id="7812ec2c-0485-4e0b-bdf0-9c3aa83c1684" />
      <TestMethod codeBase="/app/ZipperAPI.Tests/bin/Debug/net8.0/ZipperAPI.Tests.dll" adapterTypeName="executor://xunit/VsTestRunner2/netcoreapp" className="ZipperAPI.Tests.ProcessControllerTests" name="LongJobResponsiveness" />
    </UnitTest>
    <UnitTest name="ZipperAPI.Tests.ProcessControllerTests.DownloadFailedZipAssertNotFound" storage="/app/zipperapi.tests/bin/debug/net8.0/zipperapi.tests.dll" id="ecf215da-cb33-820a-8efc-45bbe75baab1">
      <Execution id="0014896e-082c-47ad-b110-7ec876542e3d" />
      <TestMethod codeBase="/app/ZipperAPI.Tests/bin/Debug/net8.0/ZipperAPI.Tests.dll" adapterTypeName="executor://xunit/VsTestRunner2/netcoreapp" className="ZipperAPI.Tests.ProcessControllerTests" name="DownloadFailedZipAssertNotFound" />
    </UnitTest>
    <UnitTest name="ZipperAPI.Tests.ProcessControllerTests.GetProcessStatusShouldReturnNotFail" storage="/app/zipperapi.tests/bin/debug/net8.0/zipperapi.tests.dll" id="5c5f4518-c995-49a2-e6a3-d404a27caefd">
      <Execution id="c0611ab6-b2b5-4e56-a5d8-4e17ba7a91a2" />
      <TestMethod codeBase="/app/ZipperAPI.Tests/bin/Debug/net8.0/ZipperAPI.Tests.dll" adapterTypeName="executor://xunit/VsTestRunner2/netcoreapp" className="ZipperAPI.Tests.ProcessControllerTests" name="GetProcessStatusShouldReturnNotFail" />
    </UnitTest>
    <UnitTest name="ZipperAPI.Tests.DownloadControllerTests.DownloadZipAssertOkay" storage="/app/zipperapi.tests/bin/debug/net8.0/zipperapi.tests.dll" id="a032fa6e-9e49-d41c-5d18-8e4d33039863">
      <Execution id="49713813-063d-4aca-9f28-c7adc876d78f" />
      <TestMethod codeBase="/app/ZipperAPI.Tests/bin/Debug/net8.0/ZipperAPI.Tests.dll" adapterTypeName="executor://xunit/VsTestRunner2/netcoreapp" className="ZipperAPI.Tests.DownloadControllerTests" name="DownloadZipAssertOkay" />
    </UnitTest>
    <UnitTest name="ZipperAPI.Tests.InfoControllerTests.GetFileNamesShouldResultAll" storage="/app/zipperapi.tests/bin/debug/net8.0/zipperapi.tests.dll" id="66434433-2443-43c1-f36f-e0038a5a1cd8">
      <Execution id="86f69e15-a76c-4993-b54d-9099838d3a2e" />
      <TestMethod codeBase="/app/ZipperAPI.Tests/bin/Debug/net8.0/ZipperAPI.Tests.dll" adapterTypeName="executor://xunit/VsTestRunner2/netcoreapp" className="ZipperAPI.Tests.InfoControllerTests" name="GetFileNamesShouldResultAll" />
    </UnitTest>
    <UnitTest name="ZipperAPI.Tests.ProcessControllerTests.GetProcessStatusAssertFailed" storage="/app/zipperapi.tests/bin/debug/net8.0/zipperapi.tests.dll" id="1b4db1ac-c959-5931-9b60-38121dc83160">
      <Execution id="0961424c-2db0-4a1d-af8b-669b0505b103" />
      <TestMethod codeBase="/app/ZipperAPI.Tests/bin/Debug/net8.0/ZipperAPI.Tests.dll" adapterTypeName="executor://xunit/VsTestRunner2/netcoreapp" className="ZipperAPI.Tests.ProcessControllerTests" name="GetProcessStatusAssertFailed" />
    </UnitTest>
  </TestDefinitions>
  <TestEntries>
    <TestEntry testId="a032fa6e-9e49-d41c-5d18-8e4d33039863" executionId="49713813-063d-4aca-9f28-c7adc876d78f" testListId="8c84fa94-04c1-424b-9868-57a2d4851a1d" />
    <TestEntry testId="36fe01fb-76c5-9704-b728-4185bc100a4b" executionId="6b9aa2d6-9be5-4f10-8e5f-d3dc58a92dfe" testListId="8c84fa94-04c1-424b-9868-57a2d4851a1d" />
    <TestEntry testId="5c5f4518-c995-49a2-e6a3-d404a27caefd" executionId="c0611ab6-b2b5-4e56-a5d8-4e17ba7a91a2" testListId="8c84fa94-04c1-424b-9868-57a2d4851a1d" />
    <TestEntry testId="ecf215da-cb33-820a-8efc-45bbe75baab1" executionId="0014896e-082c-47ad-b110-7ec876542e3d" testListId="8c84fa94-04c1-424b-9868-57a2d4851a1d" />
    <TestEntry testId="bd60c160-4d40-3e7c-0545-4bbf282c9003" executionId="7812ec2c-0485-4e0b-bdf0-9c3aa83c1684" testListId="8c84fa94-04c1-424b-9868-57a2d4851a1d" />
    <TestEntry testId="66434433-2443-43c1-f36f-e0038a5a1cd8" executionId="86f69e15-a76c-4993-b54d-9099838d3a2e" testListId="8c84fa94-04c1-424b-9868-57a2d4851a1d" />
    <TestEntry testId="1b4db1ac-c959-5931-9b60-38121dc83160" executionId="0961424c-2db0-4a1d-af8b-669b0505b103" testListId="8c84fa94-04c1-424b-9868-57a2d4851a1d" />
  </TestEntries>
  <TestLists>
    <TestList name="Results Not in a List" id="8c84fa94-04c1-424b-9868-57a2d4851a1d" />
    <TestList name="All Loaded Results" id="19431567-8539-422a-85d7-44ee4e166bda" />
  </TestLists>
  <ResultSummary outcome="Completed">
    <Counters total="7" executed="7" passed="7" failed="0" error="0" timeout="0" aborted="0" inconclusive="0" passedButRunAborted="0" notRunnable="0" notExecuted="0" disconnected="0" warning="0" completed="0" inProgress="0" pending="0" />
    <Output>
      <StdOut>[xUnit.net 00:00:00.00] xUnit.net VSTest Adapter v2.8.2+699d445a1a (64-bit .NET 8.0.20)
[xUnit.net 00:00:00.05]   Discovering: ZipperAPI.Tests
[xUnit.net 00:00:00.08]   Discovered:  ZipperAPI.Tests
[xUnit.net 00:00:00.08]   Starting:    ZipperAPI.Tests
[xUnit.net 00:00:24.52]   Finished:    ZipperAPI.Tests
</StdOut>
    </Output>
  </ResultSummary>
</TestRun>